This is pdfTeX, Version 3.141592653-2.6-1.40.23 (TeX Live 2021) (preloaded format=pdflatex 2022.1.7)  13 JAN 2022 14:02
entering extended mode
 restricted \write18 enabled.
 %&-line parsing enabled.
**MRLM.tex
(./MRLM.tex
LaTeX2e <2021-11-15> patch level 1
L3 programming layer <2021-11-22> (/home/sr/.TinyTeX/texmf-dist/tex/latex/base/article.cls
Document Class: article 2021/10/04 v1.4n Standard LaTeX document class
(/home/sr/.TinyTeX/texmf-dist/tex/latex/base/size12.clo
File: size12.clo 2021/10/04 v1.4n Standard LaTeX file (size option)
)
\c@part=\count183
\c@section=\count184
\c@subsection=\count185
\c@subsubsection=\count186
\c@paragraph=\count187
\c@subparagraph=\count188
\c@figure=\count189
\c@table=\count190
\abovecaptionskip=\skip47
\belowcaptionskip=\skip48
\bibindent=\dimen138
) (/home/sr/.TinyTeX/texmf-dist/tex/latex/amsmath/amsmath.sty
Package: amsmath 2021/10/15 v2.17l AMS math features
\@mathmargin=\skip49
For additional information on amsmath, use the `?' option.
(/home/sr/.TinyTeX/texmf-dist/tex/latex/amsmath/amstext.sty
Package: amstext 2021/08/26 v2.01 AMS text
(/home/sr/.TinyTeX/texmf-dist/tex/latex/amsmath/amsgen.sty
File: amsgen.sty 1999/11/30 v2.0 generic functions
\@emptytoks=\toks16
\ex@=\dimen139
)) (/home/sr/.TinyTeX/texmf-dist/tex/latex/amsmath/amsbsy.sty
Package: amsbsy 1999/11/29 v1.2d Bold Symbols
\pmbraise@=\dimen140
) (/home/sr/.TinyTeX/texmf-dist/tex/latex/amsmath/amsopn.sty
Package: amsopn 2021/08/26 v2.02 operator names
)
\inf@bad=\count191
LaTeX Info: Redefining \frac on input line 234.
\uproot@=\count192
\leftroot@=\count193
LaTeX Info: Redefining \overline on input line 399.
\classnum@=\count194
\DOTSCASE@=\count195
LaTeX Info: Redefining \ldots on input line 496.
LaTeX Info: Redefining \dots on input line 499.
LaTeX Info: Redefining \cdots on input line 620.
\Mathstrutbox@=\box50
\strutbox@=\box51
\big@size=\dimen141
LaTeX Font Info:    Redeclaring font encoding OML on input line 743.
LaTeX Font Info:    Redeclaring font encoding OMS on input line 744.
\macc@depth=\count196
\c@MaxMatrixCols=\count197
\dotsspace@=\muskip16
\c@parentequation=\count198
\dspbrk@lvl=\count199
\tag@help=\toks17
\row@=\count266
\column@=\count267
\maxfields@=\count268
\andhelp@=\toks18
\eqnshift@=\dimen142
\alignsep@=\dimen143
\tagshift@=\dimen144
\tagwidth@=\dimen145
\totwidth@=\dimen146
\lineht@=\dimen147
\@envbody=\toks19
\multlinegap=\skip50
\multlinetaggap=\skip51
\mathdisplay@stack=\toks20
LaTeX Info: Redefining \[ on input line 2938.
LaTeX Info: Redefining \] on input line 2939.
) (/home/sr/.TinyTeX/texmf-dist/tex/latex/amsfonts/amssymb.sty
Package: amssymb 2013/01/14 v3.01 AMS font symbols
(/home/sr/.TinyTeX/texmf-dist/tex/latex/amsfonts/amsfonts.sty
Package: amsfonts 2013/01/14 v3.01 Basic AMSFonts support
\symAMSa=\mathgroup4
\symAMSb=\mathgroup5
LaTeX Font Info:    Redeclaring math symbol \hbar on input line 98.
LaTeX Font Info:    Overwriting math alphabet `\mathfrak' in version `bold'
(Font)                  U/euf/m/n --> U/euf/b/n on input line 106.
)) (/home/sr/.TinyTeX/texmf-dist/tex/latex/lm/lmodern.sty
Package: lmodern 2015/05/01 v1.6.1 Latin Modern Fonts
LaTeX Font Info:    Overwriting symbol font `operators' in version `normal'
(Font)                  OT1/cmr/m/n --> OT1/lmr/m/n on input line 22.
LaTeX Font Info:    Overwriting symbol font `letters' in version `normal'
(Font)                  OML/cmm/m/it --> OML/lmm/m/it on input line 23.
LaTeX Font Info:    Overwriting symbol font `symbols' in version `normal'
(Font)                  OMS/cmsy/m/n --> OMS/lmsy/m/n on input line 24.
LaTeX Font Info:    Overwriting symbol font `largesymbols' in version `normal'
(Font)                  OMX/cmex/m/n --> OMX/lmex/m/n on input line 25.
LaTeX Font Info:    Overwriting symbol font `operators' in version `bold'
(Font)                  OT1/cmr/bx/n --> OT1/lmr/bx/n on input line 26.
LaTeX Font Info:    Overwriting symbol font `letters' in version `bold'
(Font)                  OML/cmm/b/it --> OML/lmm/b/it on input line 27.
LaTeX Font Info:    Overwriting symbol font `symbols' in version `bold'
(Font)                  OMS/cmsy/b/n --> OMS/lmsy/b/n on input line 28.
LaTeX Font Info:    Overwriting symbol font `largesymbols' in version `bold'
(Font)                  OMX/cmex/m/n --> OMX/lmex/m/n on input line 29.
LaTeX Font Info:    Overwriting math alphabet `\mathbf' in version `normal'
(Font)                  OT1/cmr/bx/n --> OT1/lmr/bx/n on input line 31.
LaTeX Font Info:    Overwriting math alphabet `\mathsf' in version `normal'
(Font)                  OT1/cmss/m/n --> OT1/lmss/m/n on input line 32.
LaTeX Font Info:    Overwriting math alphabet `\mathit' in version `normal'
(Font)                  OT1/cmr/m/it --> OT1/lmr/m/it on input line 33.
LaTeX Font Info:    Overwriting math alphabet `\mathtt' in version `normal'
(Font)                  OT1/cmtt/m/n --> OT1/lmtt/m/n on input line 34.
LaTeX Font Info:    Overwriting math alphabet `\mathbf' in version `bold'
(Font)                  OT1/cmr/bx/n --> OT1/lmr/bx/n on input line 35.
LaTeX Font Info:    Overwriting math alphabet `\mathsf' in version `bold'
(Font)                  OT1/cmss/bx/n --> OT1/lmss/bx/n on input line 36.
LaTeX Font Info:    Overwriting math alphabet `\mathit' in version `bold'
(Font)                  OT1/cmr/bx/it --> OT1/lmr/bx/it on input line 37.
LaTeX Font Info:    Overwriting math alphabet `\mathtt' in version `bold'
(Font)                  OT1/cmtt/m/n --> OT1/lmtt/m/n on input line 38.
) (/home/sr/.TinyTeX/texmf-dist/tex/generic/iftex/iftex.sty
Package: iftex 2020/03/06 v1.0d TeX engine tests
) (/home/sr/.TinyTeX/texmf-dist/tex/latex/base/fontenc.sty
Package: fontenc 2021/04/29 v2.0v Standard LaTeX package
LaTeX Font Info:    Trying to load font information for T1+lmr on input line 112.
(/home/sr/.TinyTeX/texmf-dist/tex/latex/lm/t1lmr.fd
File: t1lmr.fd 2015/05/01 v1.6.1 Font defs for Latin Modern
)) (/home/sr/.TinyTeX/texmf-dist/tex/latex/base/inputenc.sty
Package: inputenc 2021/02/14 v1.3d Input encoding file
\inpenc@prehook=\toks21
\inpenc@posthook=\toks22
) (/home/sr/.TinyTeX/texmf-dist/tex/latex/base/textcomp.sty
Package: textcomp 2020/02/02 v2.0n Standard LaTeX package
) (/home/sr/.TinyTeX/texmf-dist/tex/latex/xcolor/xcolor.sty
Package: xcolor 2021/10/31 v2.13 LaTeX color extensions (UK)
(/home/sr/.TinyTeX/texmf-dist/tex/latex/graphics-cfg/color.cfg
File: color.cfg 2016/01/02 v1.6 sample color configuration
)
Package xcolor Info: Driver file: pdftex.def on input line 227.
(/home/sr/.TinyTeX/texmf-dist/tex/latex/graphics-def/pdftex.def
File: pdftex.def 2020/10/05 v1.2a Graphics/color driver for pdftex
)
Package xcolor Info: Model `cmy' substituted by `cmy0' on input line 1352.
Package xcolor Info: Model `hsb' substituted by `rgb' on input line 1356.
Package xcolor Info: Model `RGB' extended on input line 1368.
Package xcolor Info: Model `HTML' substituted by `rgb' on input line 1370.
Package xcolor Info: Model `Hsb' substituted by `hsb' on input line 1371.
Package xcolor Info: Model `tHsb' substituted by `hsb' on input line 1372.
Package xcolor Info: Model `HSB' substituted by `hsb' on input line 1373.
Package xcolor Info: Model `Gray' substituted by `gray' on input line 1374.
Package xcolor Info: Model `wave' substituted by `hsb' on input line 1375.
) (/home/sr/.TinyTeX/texmf-dist/tex/latex/hyperref/hyperref.sty
Package: hyperref 2021-06-07 v7.00m Hypertext links for LaTeX
(/home/sr/.TinyTeX/texmf-dist/tex/generic/ltxcmds/ltxcmds.sty
Package: ltxcmds 2020-05-10 v1.25 LaTeX kernel commands for general use (HO)
) (/home/sr/.TinyTeX/texmf-dist/tex/generic/pdftexcmds/pdftexcmds.sty
Package: pdftexcmds 2020-06-27 v0.33 Utility functions of pdfTeX for LuaTeX (HO)
(/home/sr/.TinyTeX/texmf-dist/tex/generic/infwarerr/infwarerr.sty
Package: infwarerr 2019/12/03 v1.5 Providing info/warning/error messages (HO)
)
Package pdftexcmds Info: \pdf@primitive is available.
Package pdftexcmds Info: \pdf@ifprimitive is available.
Package pdftexcmds Info: \pdfdraftmode found.
) (/home/sr/.TinyTeX/texmf-dist/tex/latex/graphics/keyval.sty
Package: keyval 2014/10/28 v1.15 key=value parser (DPC)
\KV@toks@=\toks23
) (/home/sr/.TinyTeX/texmf-dist/tex/generic/kvsetkeys/kvsetkeys.sty
Package: kvsetkeys 2019/12/15 v1.18 Key value parser (HO)
) (/home/sr/.TinyTeX/texmf-dist/tex/generic/kvdefinekeys/kvdefinekeys.sty
Package: kvdefinekeys 2019-12-19 v1.6 Define keys (HO)
) (/home/sr/.TinyTeX/texmf-dist/tex/generic/pdfescape/pdfescape.sty
Package: pdfescape 2019/12/09 v1.15 Implements pdfTeX's escape features (HO)
) (/home/sr/.TinyTeX/texmf-dist/tex/latex/hycolor/hycolor.sty
Package: hycolor 2020-01-27 v1.10 Color options for hyperref/bookmark (HO)
) (/home/sr/.TinyTeX/texmf-dist/tex/latex/letltxmacro/letltxmacro.sty
Package: letltxmacro 2019/12/03 v1.6 Let assignment for LaTeX macros (HO)
) (/home/sr/.TinyTeX/texmf-dist/tex/latex/auxhook/auxhook.sty
Package: auxhook 2019-12-17 v1.6 Hooks for auxiliary files (HO)
) (/home/sr/.TinyTeX/texmf-dist/tex/latex/kvoptions/kvoptions.sty
Package: kvoptions 2020-10-07 v3.14 Key value format for package options (HO)
)
\@linkdim=\dimen148
\Hy@linkcounter=\count269
\Hy@pagecounter=\count270
(/home/sr/.TinyTeX/texmf-dist/tex/latex/hyperref/pd1enc.def
File: pd1enc.def 2021-06-07 v7.00m Hyperref: PDFDocEncoding definition (HO)
Now handling font encoding PD1 ...
... no UTF-8 mapping file for font encoding PD1
) (/home/sr/.TinyTeX/texmf-dist/tex/latex/hyperref/hyperref-langpatches.def
File: hyperref-langpatches.def 2021-06-07 v7.00m Hyperref: patches for babel languages
) (/home/sr/.TinyTeX/texmf-dist/tex/generic/intcalc/intcalc.sty
Package: intcalc 2019/12/15 v1.3 Expandable calculations with integers (HO)
) (/home/sr/.TinyTeX/texmf-dist/tex/generic/etexcmds/etexcmds.sty
Package: etexcmds 2019/12/15 v1.7 Avoid name clashes with e-TeX commands (HO)
)
\Hy@SavedSpaceFactor=\count271
(/home/sr/.TinyTeX/texmf-dist/tex/latex/hyperref/puenc.def
File: puenc.def 2021-06-07 v7.00m Hyperref: PDF Unicode definition (HO)
Now handling font encoding PU ...
... no UTF-8 mapping file for font encoding PU
)
Package hyperref Info: Option `unicode' set `true' on input line 4073.
Package hyperref Info: Hyper figures OFF on input line 4192.
Package hyperref Info: Link nesting OFF on input line 4197.
Package hyperref Info: Hyper index ON on input line 4200.
Package hyperref Info: Plain pages OFF on input line 4207.
Package hyperref Info: Backreferencing OFF on input line 4212.
Package hyperref Info: Implicit mode ON; LaTeX internals redefined.
Package hyperref Info: Bookmarks ON on input line 4445.
\c@Hy@tempcnt=\count272
(/home/sr/.TinyTeX/texmf-dist/tex/latex/url/url.sty
\Urlmuskip=\muskip17
Package: url 2013/09/16  ver 3.4  Verb mode for urls, etc.
)
LaTeX Info: Redefining \url on input line 4804.
\XeTeXLinkMargin=\dimen149
(/home/sr/.TinyTeX/texmf-dist/tex/generic/bitset/bitset.sty
Package: bitset 2019/12/09 v1.3 Handle bit-vector datatype (HO)
(/home/sr/.TinyTeX/texmf-dist/tex/generic/bigintcalc/bigintcalc.sty
Package: bigintcalc 2019/12/15 v1.5 Expandable calculations on big integers (HO)
))
\Fld@menulength=\count273
\Field@Width=\dimen150
\Fld@charsize=\dimen151
Package hyperref Info: Hyper figures OFF on input line 6076.
Package hyperref Info: Link nesting OFF on input line 6081.
Package hyperref Info: Hyper index ON on input line 6084.
Package hyperref Info: backreferencing OFF on input line 6091.
Package hyperref Info: Link coloring OFF on input line 6096.
Package hyperref Info: Link coloring with OCG OFF on input line 6101.
Package hyperref Info: PDF/A mode OFF on input line 6106.
LaTeX Info: Redefining \ref on input line 6146.
LaTeX Info: Redefining \pageref on input line 6150.
(/home/sr/.TinyTeX/texmf-dist/tex/latex/base/atbegshi-ltx.sty
Package: atbegshi-ltx 2021/01/10 v1.0c Emulation of the original atbegshi
package with kernel methods
)
\Hy@abspage=\count274
\c@Item=\count275
\c@Hfootnote=\count276
)
Package hyperref Info: Driver (autodetected): hpdftex.
(/home/sr/.TinyTeX/texmf-dist/tex/latex/hyperref/hpdftex.def
File: hpdftex.def 2021-06-07 v7.00m Hyperref driver for pdfTeX
(/home/sr/.TinyTeX/texmf-dist/tex/latex/base/atveryend-ltx.sty
Package: atveryend-ltx 2020/08/19 v1.0a Emulation of the original atveryend package
with kernel methods
)
\Fld@listcount=\count277
\c@bookmark@seq@number=\count278
(/home/sr/.TinyTeX/texmf-dist/tex/latex/rerunfilecheck/rerunfilecheck.sty
Package: rerunfilecheck 2019/12/05 v1.9 Rerun checks for auxiliary files (HO)
(/home/sr/.TinyTeX/texmf-dist/tex/generic/uniquecounter/uniquecounter.sty
Package: uniquecounter 2019/12/15 v1.4 Provide unlimited unique counter (HO)
)
Package uniquecounter Info: New unique counter `rerunfilecheck' on input line 286.
)
\Hy@SectionHShift=\skip52
) (/home/sr/.TinyTeX/texmf-dist/tex/latex/geometry/geometry.sty
Package: geometry 2020/01/02 v5.9 Page Geometry
(/home/sr/.TinyTeX/texmf-dist/tex/generic/iftex/ifvtex.sty
Package: ifvtex 2019/10/25 v1.7 ifvtex legacy package. Use iftex instead.
)
\Gm@cnth=\count279
\Gm@cntv=\count280
\c@Gm@tempcnt=\count281
\Gm@bindingoffset=\dimen152
\Gm@wd@mp=\dimen153
\Gm@odd@mp=\dimen154
\Gm@even@mp=\dimen155
\Gm@layoutwidth=\dimen156
\Gm@layoutheight=\dimen157
\Gm@layouthoffset=\dimen158
\Gm@layoutvoffset=\dimen159
\Gm@dimlist=\toks24
) (/home/sr/.TinyTeX/texmf-dist/tex/latex/fancyvrb/fancyvrb.sty
Package: fancyvrb 2021/12/21 4.1b verbatim text (tvz,hv)
\FV@CodeLineNo=\count282
\FV@InFile=\read2
\FV@TabBox=\box52
\c@FancyVerbLine=\count283
\FV@StepNumber=\count284
\FV@OutFile=\write3
) (/home/sr/.TinyTeX/texmf-dist/tex/latex/framed/framed.sty
Package: framed 2011/10/22 v 0.96: framed or shaded text with page breaks
\OuterFrameSep=\skip53
\fb@frw=\dimen160
\fb@frh=\dimen161
\FrameRule=\dimen162
\FrameSep=\dimen163
) (/home/sr/.TinyTeX/texmf-dist/tex/latex/tools/longtable.sty
Package: longtable 2021-09-01 v4.17 Multi-page Table package (DPC)
\LTleft=\skip54
\LTright=\skip55
\LTpre=\skip56
\LTpost=\skip57
\LTchunksize=\count285
\LTcapwidth=\dimen164
\LT@head=\box53
\LT@firsthead=\box54
\LT@foot=\box55
\LT@lastfoot=\box56
\LT@gbox=\box57
\LT@cols=\count286
\LT@rows=\count287
\c@LT@tables=\count288
\c@LT@chunks=\count289
\LT@p@ftn=\toks25
) (/home/sr/.TinyTeX/texmf-dist/tex/latex/booktabs/booktabs.sty
Package: booktabs 2020/01/12 v1.61803398 Publication quality tables
\heavyrulewidth=\dimen165
\lightrulewidth=\dimen166
\cmidrulewidth=\dimen167
\belowrulesep=\dimen168
\belowbottomsep=\dimen169
\aboverulesep=\dimen170
\abovetopsep=\dimen171
\cmidrulesep=\dimen172
\cmidrulekern=\dimen173
\defaultaddspace=\dimen174
\@cmidla=\count290
\@cmidlb=\count291
\@aboverulesep=\dimen175
\@belowrulesep=\dimen176
\@thisruleclass=\count292
\@lastruleclass=\count293
\@thisrulewidth=\dimen177
) (/home/sr/.TinyTeX/texmf-dist/tex/latex/tools/array.sty
Package: array 2021/10/04 v2.5f Tabular extension package (FMi)
\col@sep=\dimen178
\ar@mcellbox=\box58
\extrarowheight=\dimen179
\NC@list=\toks26
\extratabsurround=\skip58
\backup@length=\skip59
\ar@cellbox=\box59
) (/home/sr/.TinyTeX/texmf-dist/tex/latex/tools/calc.sty
Package: calc 2017/05/25 v4.3 Infix arithmetic (KKT,FJ)
\calc@Acount=\count294
\calc@Bcount=\count295
\calc@Adimen=\dimen180
\calc@Bdimen=\dimen181
\calc@Askip=\skip60
\calc@Bskip=\skip61
LaTeX Info: Redefining \setlength on input line 80.
LaTeX Info: Redefining \addtolength on input line 81.
\calc@Ccount=\count296
\calc@Cskip=\skip62
) (/home/sr/.TinyTeX/texmf-dist/tex/latex/etoolbox/etoolbox.sty
Package: etoolbox 2020/10/05 v2.5k e-TeX tools for LaTeX (JAW)
\etb@tempcnta=\count297
) (/home/sr/.TinyTeX/texmf-dist/tex/latex/mdwtools/footnote.sty
Package: footnote 1997/01/28 1.13 Save footnotes around boxes
\fn@notes=\box60
\fn@width=\dimen182
) (/home/sr/.TinyTeX/texmf-dist/tex/latex/graphics/graphicx.sty
Package: graphicx 2021/09/16 v1.2d Enhanced LaTeX Graphics (DPC,SPQR)
(/home/sr/.TinyTeX/texmf-dist/tex/latex/graphics/graphics.sty
Package: graphics 2021/03/04 v1.4d Standard LaTeX Graphics (DPC,SPQR)
(/home/sr/.TinyTeX/texmf-dist/tex/latex/graphics/trig.sty
Package: trig 2021/08/11 v1.11 sin cos tan (DPC)
) (/home/sr/.TinyTeX/texmf-dist/tex/latex/graphics-cfg/graphics.cfg
File: graphics.cfg 2016/06/04 v1.11 sample graphics configuration
)
Package graphics Info: Driver file: pdftex.def on input line 107.
)
\Gin@req@height=\dimen183
\Gin@req@width=\dimen184
) (/home/sr/.TinyTeX/texmf-dist/tex/generic/babel/babel.sty
Package: babel 2021/12/30 3.69 The Babel package
\babel@savecnt=\count298
\U@D=\dimen185
\l@unhyphenated=\language3
(/home/sr/.TinyTeX/texmf-dist/tex/generic/babel/txtbabel.def)
\bbl@readstream=\read3
\bbl@dirlevel=\count299
(/home/sr/.TinyTeX/texmf-dist/tex/generic/babel-spanish/spanish.ldf
Language: spanish.ldf 2021/05/27 v5.0q Spanish support from the babel system

Package babel Warning: No hyphenation patterns were preloaded for
(babel)                the language 'Spanish' into the format.
(babel)                Please, configure your TeX system to add them and
(babel)                rebuild the format. Now I will use the patterns
(babel)                preloaded for \language=0 instead on input line 51.

Package babel Info: Hyphen rules for 'spanish' set to \l@english
(babel)             (\language0). Reported on input line 52.
\es@quottoks=\toks27
\es@quotdepth=\count300
Package babel Info: Making " an active character on input line 570.
Package babel Info: Making . an active character on input line 675.
Package babel Info: Making < an active character on input line 722.
Package babel Info: Making > an active character on input line 722.
)) (/home/sr/.TinyTeX/texmf-dist/tex/latex/multirow/multirow.sty
Package: multirow 2021/03/15 v2.8 Span multiple rows of a table
\multirow@colwidth=\skip63
\multirow@cntb=\count301
\multirow@dima=\skip64
\bigstrutjot=\dimen186
) (/home/sr/.TinyTeX/texmf-dist/tex/latex/wrapfig/wrapfig.sty
\wrapoverhang=\dimen187
\WF@size=\dimen188
\c@WF@wrappedlines=\count302
\WF@box=\box61
\WF@everypar=\toks28
Package: wrapfig 2003/01/31  v 3.6
) (/home/sr/.TinyTeX/texmf-dist/tex/latex/float/float.sty
Package: float 2001/11/08 v1.3d Float enhancements (AL)
\c@float@type=\count303
\float@exts=\toks29
\float@box=\box62
\@float@everytoks=\toks30
\@floatcapt=\box63
) (/home/sr/.TinyTeX/texmf-dist/tex/latex/colortbl/colortbl.sty
Package: colortbl 2020/01/04 v1.0e Color table columns (DPC)
\everycr=\toks31
\minrowclearance=\skip65
) (/home/sr/.TinyTeX/texmf-dist/tex/latex/pdflscape/pdflscape.sty
Package: pdflscape 2019/12/05 v0.12 Display of landscape pages in PDF (HO)
(/home/sr/.TinyTeX/texmf-dist/tex/latex/graphics/lscape.sty
Package: lscape 2020/05/28 v3.02 Landscape Pages (DPC)
)
Package pdflscape Info: Auto-detected driver: pdftex on input line 81.
) (/home/sr/.TinyTeX/texmf-dist/tex/latex/tabu/tabu.sty
Package: tabu 2019/01/11 v2.9 - flexible LaTeX tabulars (FC+tabu-fixed)
(/home/sr/.TinyTeX/texmf-dist/tex/latex/varwidth/varwidth.sty
Package: varwidth 2009/03/30 ver 0.92;  Variable-width minipages
\@vwid@box=\box64
\sift@deathcycles=\count304
\@vwid@loff=\dimen189
\@vwid@roff=\dimen190
)
\c@taburow=\count305
\tabu@nbcols=\count306
\tabu@cnt=\count307
\tabu@Xcol=\count308
\tabu@alloc=\count309
\tabu@nested=\count310
\tabu@target=\dimen191
\tabu@spreadtarget=\dimen192
\tabu@naturalX=\dimen193
\tabucolX=\dimen194
\tabu@Xsum=\dimen195
\extrarowdepth=\dimen196
\abovetabulinesep=\dimen197
\belowtabulinesep=\dimen198
\tabustrutrule=\dimen199
\tabu@thebody=\toks32
\tabu@footnotes=\toks33
\tabu@box=\box65
\tabu@arstrutbox=\box66
\tabu@hleads=\box67
\tabu@vleads=\box68
\tabu@cellskip=\skip66
) (/home/sr/.TinyTeX/texmf-dist/tex/latex/threeparttable/threeparttable.sty
Package: threeparttable 2003/06/13  v 3.0
\@tempboxb=\box69
) (/home/sr/.TinyTeX/texmf-dist/tex/latex/threeparttablex/threeparttablex.sty
Package: threeparttablex 2013/07/23 v0.3 by daleif
(/home/sr/.TinyTeX/texmf-dist/tex/latex/environ/environ.sty
Package: environ 2014/05/04 v0.3 A new way to define environments
(/home/sr/.TinyTeX/texmf-dist/tex/latex/trimspaces/trimspaces.sty
Package: trimspaces 2009/09/17 v1.1 Trim spaces around a token list
))
\TPTL@width=\skip67
) (/home/sr/.TinyTeX/texmf-dist/tex/generic/ulem/ulem.sty
\UL@box=\box70
\UL@hyphenbox=\box71
\UL@skip=\skip68
\UL@hook=\toks34
\UL@height=\dimen256
\UL@pe=\count311
\UL@pixel=\dimen257
\ULC@box=\box72
Package: ulem 2019/11/18
\ULdepth=\dimen258
) (/home/sr/.TinyTeX/texmf-dist/tex/latex/makecell/makecell.sty
Package: makecell 2009/08/03 V0.1e Managing of Tab Column Heads and Cells
\rotheadsize=\dimen259
\c@nlinenum=\count312
\TeXr@lab=\toks35
) (/home/sr/.TinyTeX/texmf-dist/tex/latex/l3backend/l3backend-pdftex.def
File: l3backend-pdftex.def 2021-12-14 L3 backend support: PDF output (pdfTeX)
\l__color_backend_stack_int=\count313
\l__pdf_internal_box=\box73
) (./MRLM.aux
LaTeX Info: Redefining \. on input line 25.
LaTeX Info: Redefining \% on input line 25.
)
\openout1 = `MRLM.aux'.

LaTeX Font Info:    Checking defaults for OML/cmm/m/it on input line 138.
LaTeX Font Info:    ... okay on input line 138.
LaTeX Font Info:    Checking defaults for OMS/cmsy/m/n on input line 138.
LaTeX Font Info:    ... okay on input line 138.
LaTeX Font Info:    Checking defaults for OT1/cmr/m/n on input line 138.
LaTeX Font Info:    ... okay on input line 138.
LaTeX Font Info:    Checking defaults for T1/cmr/m/n on input line 138.
LaTeX Font Info:    ... okay on input line 138.
LaTeX Font Info:    Checking defaults for TS1/cmr/m/n on input line 138.
LaTeX Font Info:    ... okay on input line 138.
LaTeX Font Info:    Checking defaults for OMX/cmex/m/n on input line 138.
LaTeX Font Info:    ... okay on input line 138.
LaTeX Font Info:    Checking defaults for U/cmr/m/n on input line 138.
LaTeX Font Info:    ... okay on input line 138.
LaTeX Font Info:    Checking defaults for PD1/pdf/m/n on input line 138.
LaTeX Font Info:    ... okay on input line 138.
LaTeX Font Info:    Checking defaults for PU/pdf/m/n on input line 138.
LaTeX Font Info:    ... okay on input line 138.
(/home/sr/.TinyTeX/texmf-dist/tex/latex/epstopdf-pkg/epstopdf-base.sty
Package: epstopdf-base 2020-01-24 v2.11 Base part for package epstopdf
Package epstopdf-base Info: Redefining graphics rule for `.eps' on input line 485.
(/home/sr/.TinyTeX/texmf-dist/tex/latex/latexconfig/epstopdf-sys.cfg
File: epstopdf-sys.cfg 2010/07/13 v1.3 Configuration of (r)epstopdf for TeX Live
))
Package hyperref Info: Link coloring OFF on input line 138.
(/home/sr/.TinyTeX/texmf-dist/tex/latex/hyperref/nameref.sty
Package: nameref 2021-04-02 v2.47 Cross-referencing by name of section
(/home/sr/.TinyTeX/texmf-dist/tex/latex/refcount/refcount.sty
Package: refcount 2019/12/15 v3.6 Data extraction from label references (HO)
) (/home/sr/.TinyTeX/texmf-dist/tex/generic/gettitlestring/gettitlestring.sty
Package: gettitlestring 2019/12/15 v1.6 Cleanup title references (HO)
)
\c@section@level=\count314
)
LaTeX Info: Redefining \ref on input line 138.
LaTeX Info: Redefining \pageref on input line 138.
LaTeX Info: Redefining \nameref on input line 138.
(./MRLM.out) (./MRLM.out)
\@outlinefile=\write4
\openout4 = `MRLM.out'.

*geometry* driver: auto-detecting
*geometry* detected driver: pdftex
*geometry* verbose mode - [ preamble ] result:
* driver: pdftex
* paper: letterpaper
* layout: <same size as paper>
* layoutoffset:(h,v)=(0.0pt,0.0pt)
* modes: 
* h-part:(L,W,R)=(72.26999pt, 469.75502pt, 72.26999pt)
* v-part:(T,H,B)=(72.26999pt, 650.43001pt, 72.26999pt)
* \paperwidth=614.295pt
* \paperheight=794.96999pt
* \textwidth=469.75502pt
* \textheight=650.43001pt
* \oddsidemargin=0.0pt
* \evensidemargin=0.0pt
* \topmargin=-37.0pt
* \headheight=12.0pt
* \headsep=25.0pt
* \topskip=12.0pt
* \footskip=30.0pt
* \marginparwidth=44.0pt
* \marginparsep=10.0pt
* \columnsep=10.0pt
* \skip\footins=10.8pt plus 4.0pt minus 2.0pt
* \hoffset=0.0pt
* \voffset=0.0pt
* \mag=1000
* \@twocolumnfalse
* \@twosidefalse
* \@mparswitchfalse
* \@reversemarginfalse
* (1in=72.27pt=25.4mm, 1cm=28.453pt)

LaTeX Info: Redefining \. on input line 138.
LaTeX Info: Redefining \% on input line 138.
(./titlepage.tex
<images/logounal.png, id=176, 513.92pt x 281.05pt>
File: images/logounal.png Graphic file (type png)
<use images/logounal.png>
Package pdftex.def Info: images/logounal.png  used on input line 44.
(pdftex.def)             Requested size: 187.89682pt x 102.75607pt.
[1

{/home/sr/.TinyTeX/texmf-var/fonts/map/pdftex/updmap/pdftex.map} <./images/logounal.png>]) (./MRLM.toc
LaTeX Info: Redefining \. on input line 1.
LaTeX Info: Redefining \% on input line 1.
LaTeX Font Info:    Trying to load font information for OT1+lmr on input line 3.
(/home/sr/.TinyTeX/texmf-dist/tex/latex/lm/ot1lmr.fd
File: ot1lmr.fd 2015/05/01 v1.6.1 Font defs for Latin Modern
)
LaTeX Font Info:    Trying to load font information for OML+lmm on input line 3.
(/home/sr/.TinyTeX/texmf-dist/tex/latex/lm/omllmm.fd
File: omllmm.fd 2015/05/01 v1.6.1 Font defs for Latin Modern
)
LaTeX Font Info:    Trying to load font information for OMS+lmsy on input line 3.
(/home/sr/.TinyTeX/texmf-dist/tex/latex/lm/omslmsy.fd
File: omslmsy.fd 2015/05/01 v1.6.1 Font defs for Latin Modern
)
LaTeX Font Info:    Trying to load font information for OMX+lmex on input line 3.
(/home/sr/.TinyTeX/texmf-dist/tex/latex/lm/omxlmex.fd
File: omxlmex.fd 2015/05/01 v1.6.1 Font defs for Latin Modern
)
LaTeX Font Info:    External font `lmex10' loaded for size
(Font)              <12> on input line 3.
LaTeX Font Info:    External font `lmex10' loaded for size
(Font)              <8> on input line 3.
LaTeX Font Info:    External font `lmex10' loaded for size
(Font)              <6> on input line 3.
LaTeX Font Info:    Trying to load font information for U+msa on input line 3.
(/home/sr/.TinyTeX/texmf-dist/tex/latex/amsfonts/umsa.fd
File: umsa.fd 2013/01/14 v3.01 AMS symbols A
)
LaTeX Font Info:    Trying to load font information for U+msb on input line 3.
(/home/sr/.TinyTeX/texmf-dist/tex/latex/amsfonts/umsb.fd
File: umsb.fd 2013/01/14 v3.01 AMS symbols B
)pdfTeX warning (ext4): destination with the same identifier (name{page.1}) has been already used, duplicate ignored
<to be read again> 
                   \relax 
l.29 ...vs. Valores ajustados}{10}{subsection.8.1}
                                                  % [1])
\tf@toc=\write5
\openout5 = `MRLM.toc'.

(./MRLM.lof
LaTeX Info: Redefining \. on input line 1.
LaTeX Info: Redefining \% on input line 1.
)
\tf@lof=\write6
\openout6 = `MRLM.lof'.

(./MRLM.lot
LaTeX Info: Redefining \. on input line 1.
LaTeX Info: Redefining \% on input line 1.
)
\tf@lot=\write7
\openout7 = `MRLM.lot'.

[2]pdfTeX warning (ext4): destination with the same identifier (name{page.1}) has been already used, duplicate ignored
<to be read again> 
                   \relax 
l.204   \textbf
               {TOEFL Score} = \(X_2\) [1]
<MRLM_files/figure-latex/unnamed-chunk-2-1.pdf, id=262, 469.755pt x 325.215pt>
File: MRLM_files/figure-latex/unnamed-chunk-2-1.pdf Graphic file (type pdf)
<use MRLM_files/figure-latex/unnamed-chunk-2-1.pdf>
Package pdftex.def Info: MRLM_files/figure-latex/unnamed-chunk-2-1.pdf  used on input line 216.
(pdftex.def)             Requested size: 469.75386pt x 325.2142pt.

Overfull \hbox (35.56477pt too wide) in paragraph at lines 216--217
[][] 
 []

pdfTeX warning (ext4): destination with the same identifier (name{page.2}) has been already used, duplicate ignored
<to be read again> 
                   \relax 
l.237   L
         a variable \textbf{GRE.Score} se encuentra altamente correlacionadas [2 <./MRLM_files/figure-latex/unnamed-chunk-2-1.pdf>]
Underfull \hbox (badness 1292) in paragraph at lines 242--242
[]\T1/lmr/bx/n/17.28 Modelo Ajus-ta-do de Re-gre-sion Lin-eal múlti-ple
 []


Overfull \hbox (63.76524pt too wide) in paragraph at lines 276--285
 [][] 
 []

[3pdfTeX warning (ext4): destination with the same identifier (name{table.2}) has been already used, duplicate ignored
<argument> ...shipout:D \box_use:N \l_shipout_box 
                                                  \__shipout_drop_firstpage_...
l.298 \]
        ]
LaTeX Font Info:    External font `lmex10' loaded for size
(Font)              <14.4> on input line 307.
LaTeX Font Info:    External font `lmex10' loaded for size
(Font)              <10> on input line 307.
LaTeX Font Info:    External font `lmex10' loaded for size
(Font)              <7> on input line 307.

Package hyperref Warning: Token not allowed in a PDF string (Unicode):
(hyperref)                removing `math shift' on input line 307.


Package hyperref Warning: Token not allowed in a PDF string (Unicode):
(hyperref)                removing `superscript' on input line 307.


Package hyperref Warning: Token not allowed in a PDF string (Unicode):
(hyperref)                removing `math shift' on input line 307.

[4] [5pdfTeX warning (ext4): destination with the same identifier (name{table.3}) has been already used, duplicate ignored
<argument> ...shipout:D \box_use:N \l_shipout_box 
                                                  \__shipout_drop_firstpage_...
l.415 \]
        ] [6] [7] [8]
Overfull \hbox (8.63304pt too wide) in paragraph at lines 636--641
[]\T1/lmr/m/n/12 Analizando el \T1/lmr/bx/n/12 p-valor \T1/lmr/m/n/12 se puede con-cluir que el efec-to par-cial de in-cluir $\OML/lmm/m/it/12 X[]$\T1/lmr/m/n/12 (TOEFL.Score)
 []

<MRLM_files/figure-latex/unnamed-chunk-11-1.pdf, id=309, 469.755pt x 325.215pt>
File: MRLM_files/figure-latex/unnamed-chunk-11-1.pdf Graphic file (type pdf)
<use MRLM_files/figure-latex/unnamed-chunk-11-1.pdf>
Package pdftex.def Info: MRLM_files/figure-latex/unnamed-chunk-11-1.pdf  used on input line 655.
(pdftex.def)             Requested size: 469.75386pt x 325.2142pt.

Overfull \hbox (35.56477pt too wide) in paragraph at lines 655--656
[][] 
 []

[9]
<MRLM_files/figure-latex/unnamed-chunk-12-1.pdf, id=314, 469.755pt x 325.215pt>
File: MRLM_files/figure-latex/unnamed-chunk-12-1.pdf Graphic file (type pdf)
<use MRLM_files/figure-latex/unnamed-chunk-12-1.pdf>
Package pdftex.def Info: MRLM_files/figure-latex/unnamed-chunk-12-1.pdf  used on input line 670.
(pdftex.def)             Requested size: 469.75386pt x 325.2142pt.

Overfull \hbox (35.56477pt too wide) in paragraph at lines 670--671
[][] 
 []

[10 <./MRLM_files/figure-latex/unnamed-chunk-11-1.pdf>] [11 <./MRLM_files/figure-latex/unnamed-chunk-12-1.pdf>]
LaTeX Font Info:    Trying to load font information for T1+lmtt on input line 713.
(/home/sr/.TinyTeX/texmf-dist/tex/latex/lm/t1lmtt.fd
File: t1lmtt.fd 2015/05/01 v1.6.1 Font defs for Latin Modern
)
LaTeX Font Info:    External font `lmex10' loaded for size
(Font)              <5> on input line 721.

Overfull \hbox (58.18982pt too wide) in paragraph at lines 721--743
 [][] 
 []


Overfull \hbox (30.42023pt too wide) in paragraph at lines 847--847
[]\T1/lmtt/m/n/12 ##     dfb.1_ dfb.GRE. dfb.TOEF dfb.SOP dfb.LOR dfb.CGPA dffit cov.r cook.d   hat[] 
 []


Overfull \hbox (30.42023pt too wide) in paragraph at lines 847--847
[]\T1/lmtt/m/n/12 ## 1    FALSE    FALSE    FALSE   FALSE   FALSE    FALSE FALSE FALSE  FALSE FALSE[] 
 []


Overfull \hbox (30.42023pt too wide) in paragraph at lines 847--847
[]\T1/lmtt/m/n/12 ## 2    FALSE    FALSE    FALSE   FALSE   FALSE    FALSE FALSE FALSE  FALSE FALSE[] 
 []


Overfull \hbox (30.42023pt too wide) in paragraph at lines 847--847
[]\T1/lmtt/m/n/12 ## 3    FALSE    FALSE    FALSE   FALSE   FALSE    FALSE FALSE FALSE  FALSE FALSE[] 
 []


Overfull \hbox (30.42023pt too wide) in paragraph at lines 847--847
[]\T1/lmtt/m/n/12 ## 4    FALSE    FALSE    FALSE   FALSE   FALSE    FALSE FALSE FALSE  FALSE FALSE[] 
 []


Overfull \hbox (30.42023pt too wide) in paragraph at lines 847--847
[]\T1/lmtt/m/n/12 ## 5    FALSE    FALSE    FALSE   FALSE   FALSE    FALSE FALSE FALSE  FALSE FALSE[] 
 []


Overfull \hbox (30.41322pt too wide) in paragraph at lines 847--847
[]\T1/lmtt/m/n/12 ## 6    FALSE    FALSE    FALSE   FALSE   FALSE    FALSE FALSE FALSE  FALSE FALSE[] 
 []


Overfull \hbox (30.42023pt too wide) in paragraph at lines 847--847
[]\T1/lmtt/m/n/12 ## 7    FALSE    FALSE    FALSE   FALSE   FALSE    FALSE FALSE FALSE  FALSE FALSE[] 
 []


Overfull \hbox (30.42023pt too wide) in paragraph at lines 847--847
[]\T1/lmtt/m/n/12 ## 8    FALSE    FALSE    FALSE   FALSE   FALSE    FALSE FALSE FALSE  FALSE FALSE[] 
 []


Overfull \hbox (30.41322pt too wide) in paragraph at lines 847--847
[]\T1/lmtt/m/n/12 ## 9    FALSE    FALSE    FALSE   FALSE   FALSE    FALSE FALSE FALSE  FALSE FALSE[] 
 []


Overfull \hbox (30.42023pt too wide) in paragraph at lines 847--847
[]\T1/lmtt/m/n/12 ## 10   FALSE    FALSE    FALSE   FALSE   FALSE    FALSE FALSE  TRUE  FALSE FALSE[] 
 []


Overfull \hbox (30.42023pt too wide) in paragraph at lines 847--847
[]\T1/lmtt/m/n/12 ## 11   FALSE    FALSE    FALSE   FALSE   FALSE    FALSE FALSE  TRUE  FALSE FALSE[] 
 []


Overfull \hbox (30.42023pt too wide) in paragraph at lines 847--847
[]\T1/lmtt/m/n/12 ## 12   FALSE    FALSE    FALSE   FALSE   FALSE    FALSE FALSE FALSE  FALSE FALSE[] 
 []


Overfull \hbox (30.42023pt too wide) in paragraph at lines 847--847
[]\T1/lmtt/m/n/12 ## 13   FALSE    FALSE    FALSE   FALSE   FALSE    FALSE FALSE FALSE  FALSE FALSE[] 
 []


Overfull \hbox (30.42023pt too wide) in paragraph at lines 847--847
[]\T1/lmtt/m/n/12 ## 14   FALSE    FALSE    FALSE   FALSE   FALSE    FALSE FALSE FALSE  FALSE FALSE[] 
 []


Overfull \hbox (30.42023pt too wide) in paragraph at lines 847--847
[]\T1/lmtt/m/n/12 ## 15   FALSE    FALSE    FALSE   FALSE   FALSE    FALSE FALSE FALSE  FALSE FALSE[] 
 []


Overfull \hbox (30.41322pt too wide) in paragraph at lines 847--847
[]\T1/lmtt/m/n/12 ## 16   FALSE    FALSE    FALSE   FALSE   FALSE    FALSE FALSE FALSE  FALSE FALSE[] 
 []


Overfull \hbox (30.42023pt too wide) in paragraph at lines 847--847
[]\T1/lmtt/m/n/12 ## 17   FALSE    FALSE    FALSE   FALSE   FALSE    FALSE FALSE FALSE  FALSE FALSE[] 
 []


Overfull \hbox (30.42023pt too wide) in paragraph at lines 847--847
[]\T1/lmtt/m/n/12 ## 18   FALSE    FALSE    FALSE   FALSE   FALSE    FALSE FALSE FALSE  FALSE FALSE[] 
 []

[12pdfTeX warning (ext4): destination with the same identifier (name{table.4}) has been already used, duplicate ignored
<argument> ...shipout:D \box_use:N \l_shipout_box 
                                                  \__shipout_drop_firstpage_...
l.847 \end{verbatim}
                    ]
Overfull \hbox (30.41322pt too wide) in paragraph at lines 847--847
[]\T1/lmtt/m/n/12 ## 19   FALSE    FALSE    FALSE   FALSE   FALSE    FALSE FALSE FALSE  FALSE FALSE[] 
 []


Overfull \hbox (30.42023pt too wide) in paragraph at lines 847--847
[]\T1/lmtt/m/n/12 ## 20   FALSE    FALSE    FALSE   FALSE   FALSE    FALSE FALSE FALSE  FALSE FALSE[] 
 []


Overfull \hbox (30.42023pt too wide) in paragraph at lines 847--847
[]\T1/lmtt/m/n/12 ## 21   FALSE    FALSE    FALSE   FALSE   FALSE    FALSE FALSE FALSE  FALSE FALSE[] 
 []


Overfull \hbox (30.42023pt too wide) in paragraph at lines 847--847
[]\T1/lmtt/m/n/12 ## 22   FALSE    FALSE    FALSE   FALSE   FALSE    FALSE FALSE FALSE  FALSE FALSE[] 
 []


Overfull \hbox (30.42023pt too wide) in paragraph at lines 847--847
[]\T1/lmtt/m/n/12 ## 23   FALSE    FALSE    FALSE   FALSE   FALSE    FALSE FALSE FALSE  FALSE FALSE[] 
 []


Overfull \hbox (30.42023pt too wide) in paragraph at lines 847--847
[]\T1/lmtt/m/n/12 ## 24   FALSE    FALSE    FALSE   FALSE   FALSE    FALSE FALSE FALSE  FALSE FALSE[] 
 []


Overfull \hbox (30.42023pt too wide) in paragraph at lines 847--847
[]\T1/lmtt/m/n/12 ## 25   FALSE    FALSE    FALSE   FALSE   FALSE    FALSE FALSE FALSE  FALSE FALSE[] 
 []


Overfull \hbox (30.41322pt too wide) in paragraph at lines 847--847
[]\T1/lmtt/m/n/12 ## 26   FALSE    FALSE    FALSE   FALSE   FALSE    FALSE FALSE FALSE  FALSE FALSE[] 
 []


Overfull \hbox (30.42023pt too wide) in paragraph at lines 847--847
[]\T1/lmtt/m/n/12 ## 27   FALSE    FALSE    FALSE   FALSE   FALSE    FALSE FALSE FALSE  FALSE FALSE[] 
 []


Overfull \hbox (30.42023pt too wide) in paragraph at lines 847--847
[]\T1/lmtt/m/n/12 ## 28   FALSE    FALSE    FALSE   FALSE   FALSE    FALSE FALSE FALSE  FALSE FALSE[] 
 []


Overfull \hbox (30.41322pt too wide) in paragraph at lines 847--847
[]\T1/lmtt/m/n/12 ## 29   FALSE    FALSE    FALSE   FALSE   FALSE    FALSE FALSE FALSE  FALSE FALSE[] 
 []


Overfull \hbox (30.42023pt too wide) in paragraph at lines 847--847
[]\T1/lmtt/m/n/12 ## 30   FALSE    FALSE    FALSE   FALSE   FALSE    FALSE FALSE FALSE  FALSE FALSE[] 
 []


Overfull \hbox (30.42023pt too wide) in paragraph at lines 847--847
[]\T1/lmtt/m/n/12 ## 31   FALSE    FALSE    FALSE   FALSE   FALSE    FALSE FALSE FALSE  FALSE FALSE[] 
 []


Overfull \hbox (30.42023pt too wide) in paragraph at lines 847--847
[]\T1/lmtt/m/n/12 ## 32   FALSE    FALSE    FALSE   FALSE   FALSE    FALSE FALSE  TRUE  FALSE FALSE[] 
 []


Overfull \hbox (30.42023pt too wide) in paragraph at lines 847--847
[]\T1/lmtt/m/n/12 ## 33   FALSE    FALSE    FALSE   FALSE   FALSE    FALSE FALSE FALSE  FALSE FALSE[] 
 []


Overfull \hbox (30.42023pt too wide) in paragraph at lines 847--847
[]\T1/lmtt/m/n/12 ## 34   FALSE    FALSE    FALSE   FALSE   FALSE    FALSE FALSE FALSE  FALSE FALSE[] 
 []


Overfull \hbox (30.42023pt too wide) in paragraph at lines 847--847
[]\T1/lmtt/m/n/12 ## 35   FALSE    FALSE    FALSE   FALSE   FALSE    FALSE FALSE FALSE  FALSE FALSE[] 
 []


Overfull \hbox (30.41322pt too wide) in paragraph at lines 847--847
[]\T1/lmtt/m/n/12 ## 36   FALSE    FALSE    FALSE   FALSE   FALSE    FALSE FALSE FALSE  FALSE FALSE[] 
 []


Overfull \hbox (30.42023pt too wide) in paragraph at lines 847--847
[]\T1/lmtt/m/n/12 ## 37   FALSE    FALSE    FALSE   FALSE   FALSE    FALSE FALSE  TRUE  FALSE FALSE[] 
 []


Overfull \hbox (30.42023pt too wide) in paragraph at lines 847--847
[]\T1/lmtt/m/n/12 ## 38   FALSE    FALSE    FALSE   FALSE   FALSE    FALSE FALSE FALSE  FALSE FALSE[] 
 []


Overfull \hbox (30.41322pt too wide) in paragraph at lines 847--847
[]\T1/lmtt/m/n/12 ## 39   FALSE    FALSE    FALSE   FALSE   FALSE    FALSE FALSE FALSE  FALSE FALSE[] 
 []


Overfull \hbox (30.42023pt too wide) in paragraph at lines 847--847
[]\T1/lmtt/m/n/12 ## 40   FALSE    FALSE    FALSE   FALSE   FALSE    FALSE FALSE FALSE  FALSE FALSE[] 
 []


Overfull \hbox (30.42023pt too wide) in paragraph at lines 847--847
[]\T1/lmtt/m/n/12 ## 41   FALSE    FALSE    FALSE   FALSE   FALSE    FALSE FALSE FALSE  FALSE FALSE[] 
 []


Overfull \hbox (30.42023pt too wide) in paragraph at lines 847--847
[]\T1/lmtt/m/n/12 ## 42   FALSE    FALSE    FALSE   FALSE   FALSE    FALSE FALSE FALSE  FALSE FALSE[] 
 []


Overfull \hbox (30.42023pt too wide) in paragraph at lines 847--847
[]\T1/lmtt/m/n/12 ## 43   FALSE    FALSE    FALSE   FALSE   FALSE    FALSE FALSE FALSE  FALSE FALSE[] 
 []


Overfull \hbox (30.42023pt too wide) in paragraph at lines 847--847
[]\T1/lmtt/m/n/12 ## 44   FALSE    FALSE    FALSE   FALSE   FALSE    FALSE FALSE FALSE  FALSE FALSE[] 
 []


Overfull \hbox (30.42023pt too wide) in paragraph at lines 847--847
[]\T1/lmtt/m/n/12 ## 45   FALSE    FALSE    FALSE   FALSE   FALSE    FALSE FALSE FALSE  FALSE FALSE[] 
 []


Overfull \hbox (30.41322pt too wide) in paragraph at lines 847--847
[]\T1/lmtt/m/n/12 ## 46   FALSE    FALSE    FALSE   FALSE   FALSE    FALSE FALSE FALSE  FALSE FALSE[] 
 []


Overfull \hbox (30.42023pt too wide) in paragraph at lines 847--847
[]\T1/lmtt/m/n/12 ## 47   FALSE    FALSE    FALSE   FALSE   FALSE    FALSE FALSE FALSE  FALSE FALSE[] 
 []


Overfull \hbox (30.42023pt too wide) in paragraph at lines 847--847
[]\T1/lmtt/m/n/12 ## 48   FALSE    FALSE    FALSE   FALSE   FALSE    FALSE FALSE FALSE  FALSE FALSE[] 
 []


Overfull \hbox (30.41322pt too wide) in paragraph at lines 847--847
[]\T1/lmtt/m/n/12 ## 49   FALSE    FALSE    FALSE   FALSE   FALSE    FALSE FALSE FALSE  FALSE FALSE[] 
 []


Overfull \hbox (30.42023pt too wide) in paragraph at lines 847--847
[]\T1/lmtt/m/n/12 ## 50   FALSE    FALSE    FALSE   FALSE   FALSE    FALSE FALSE FALSE  FALSE FALSE[] 
 []


Overfull \hbox (30.42023pt too wide) in paragraph at lines 847--847
[]\T1/lmtt/m/n/12 ## 51   FALSE    FALSE    FALSE   FALSE   FALSE    FALSE FALSE FALSE  FALSE FALSE[] 
 []


Overfull \hbox (30.42023pt too wide) in paragraph at lines 847--847
[]\T1/lmtt/m/n/12 ## 52   FALSE    FALSE    FALSE   FALSE   FALSE    FALSE FALSE FALSE  FALSE FALSE[] 
 []


Overfull \hbox (30.42023pt too wide) in paragraph at lines 847--847
[]\T1/lmtt/m/n/12 ## 53   FALSE    FALSE    FALSE   FALSE   FALSE    FALSE FALSE  TRUE  FALSE FALSE[] 
 []


Overfull \hbox (30.42023pt too wide) in paragraph at lines 847--847
[]\T1/lmtt/m/n/12 ## 54   FALSE    FALSE    FALSE   FALSE   FALSE    FALSE FALSE FALSE  FALSE FALSE[] 
 []


Overfull \hbox (30.42023pt too wide) in paragraph at lines 847--847
[]\T1/lmtt/m/n/12 ## 55   FALSE    FALSE    FALSE   FALSE   FALSE    FALSE FALSE FALSE  FALSE FALSE[] 
 []


Overfull \hbox (30.41322pt too wide) in paragraph at lines 847--847
[]\T1/lmtt/m/n/12 ## 56   FALSE    FALSE    FALSE   FALSE   FALSE    FALSE FALSE FALSE  FALSE FALSE[] 
 []


Overfull \hbox (30.42023pt too wide) in paragraph at lines 847--847
[]\T1/lmtt/m/n/12 ## 57   FALSE    FALSE    FALSE   FALSE   FALSE    FALSE FALSE FALSE  FALSE FALSE[] 
 []


Overfull \hbox (30.42023pt too wide) in paragraph at lines 847--847
[]\T1/lmtt/m/n/12 ## 58   FALSE    FALSE    FALSE   FALSE   FALSE    FALSE FALSE FALSE  FALSE FALSE[] 
 []


Overfull \hbox (30.41322pt too wide) in paragraph at lines 847--847
[]\T1/lmtt/m/n/12 ## 59   FALSE    FALSE    FALSE   FALSE   FALSE    FALSE FALSE FALSE  FALSE FALSE[] 
 []


Overfull \hbox (30.41322pt too wide) in paragraph at lines 847--847
[]\T1/lmtt/m/n/12 ## 60   FALSE    FALSE    FALSE   FALSE   FALSE    FALSE FALSE FALSE  FALSE FALSE[] 
 []


Overfull \hbox (30.41322pt too wide) in paragraph at lines 847--847
[]\T1/lmtt/m/n/12 ## 61   FALSE    FALSE    FALSE   FALSE   FALSE    FALSE FALSE FALSE  FALSE FALSE[] 
 []


Overfull \hbox (30.41322pt too wide) in paragraph at lines 847--847
[]\T1/lmtt/m/n/12 ## 62   FALSE    FALSE    FALSE   FALSE   FALSE    FALSE FALSE FALSE  FALSE FALSE[] 
 []

[13]
Overfull \hbox (30.41322pt too wide) in paragraph at lines 847--847
[]\T1/lmtt/m/n/12 ## 63   FALSE    FALSE    FALSE   FALSE   FALSE    FALSE FALSE FALSE  FALSE FALSE[] 
 []


Overfull \hbox (30.41322pt too wide) in paragraph at lines 847--847
[]\T1/lmtt/m/n/12 ## 64   FALSE    FALSE    FALSE   FALSE   FALSE    FALSE FALSE FALSE  FALSE FALSE[] 
 []


Overfull \hbox (30.41322pt too wide) in paragraph at lines 847--847
[]\T1/lmtt/m/n/12 ## 65   FALSE    FALSE    FALSE   FALSE   FALSE    FALSE FALSE  TRUE  FALSE FALSE[] 
 []


Overfull \hbox (30.40622pt too wide) in paragraph at lines 847--847
[]\T1/lmtt/m/n/12 ## 66   FALSE    FALSE    FALSE   FALSE   FALSE    FALSE FALSE  TRUE  FALSE FALSE[] 
 []


Overfull \hbox (30.41322pt too wide) in paragraph at lines 847--847
[]\T1/lmtt/m/n/12 ## 67   FALSE    FALSE    FALSE   FALSE   FALSE    FALSE FALSE FALSE  FALSE FALSE[] 
 []


Overfull \hbox (30.41322pt too wide) in paragraph at lines 847--847
[]\T1/lmtt/m/n/12 ## 68   FALSE    FALSE    FALSE   FALSE   FALSE    FALSE FALSE FALSE  FALSE FALSE[] 
 []


Overfull \hbox (30.40622pt too wide) in paragraph at lines 847--847
[]\T1/lmtt/m/n/12 ## 69   FALSE    FALSE    FALSE   FALSE   FALSE    FALSE FALSE FALSE  FALSE FALSE[] 
 []


Overfull \hbox (30.42023pt too wide) in paragraph at lines 847--847
[]\T1/lmtt/m/n/12 ## 70   FALSE    FALSE    FALSE   FALSE   FALSE    FALSE FALSE FALSE  FALSE FALSE[] 
 []


Overfull \hbox (30.42023pt too wide) in paragraph at lines 847--847
[]\T1/lmtt/m/n/12 ## 71   FALSE    FALSE    FALSE   FALSE   FALSE    FALSE FALSE FALSE  FALSE FALSE[] 
 []


Overfull \hbox (30.42023pt too wide) in paragraph at lines 847--847
[]\T1/lmtt/m/n/12 ## 72   FALSE    FALSE    FALSE   FALSE   FALSE    FALSE FALSE FALSE  FALSE FALSE[] 
 []


Overfull \hbox (30.42023pt too wide) in paragraph at lines 847--847
[]\T1/lmtt/m/n/12 ## 73   FALSE    FALSE    FALSE   FALSE   FALSE    FALSE FALSE FALSE  FALSE FALSE[] 
 []


Overfull \hbox (30.42023pt too wide) in paragraph at lines 847--847
[]\T1/lmtt/m/n/12 ## 74   FALSE    FALSE    FALSE   FALSE   FALSE    FALSE FALSE FALSE  FALSE FALSE[] 
 []


Overfull \hbox (30.42023pt too wide) in paragraph at lines 847--847
[]\T1/lmtt/m/n/12 ## 75   FALSE    FALSE    FALSE   FALSE   FALSE    FALSE FALSE FALSE  FALSE FALSE[] 
 []


Overfull \hbox (30.41322pt too wide) in paragraph at lines 847--847
[]\T1/lmtt/m/n/12 ## 76   FALSE    FALSE    FALSE   FALSE   FALSE    FALSE FALSE FALSE  FALSE FALSE[] 
 []


Overfull \hbox (30.42023pt too wide) in paragraph at lines 847--847
[]\T1/lmtt/m/n/12 ## 77   FALSE    FALSE    FALSE   FALSE   FALSE    FALSE FALSE FALSE  FALSE FALSE[] 
 []


Overfull \hbox (30.42023pt too wide) in paragraph at lines 847--847
[]\T1/lmtt/m/n/12 ## 78   FALSE    FALSE    FALSE   FALSE   FALSE    FALSE FALSE FALSE  FALSE FALSE[] 
 []


Overfull \hbox (30.41322pt too wide) in paragraph at lines 847--847
[]\T1/lmtt/m/n/12 ## 79   FALSE    FALSE    FALSE   FALSE   FALSE    FALSE FALSE FALSE  FALSE FALSE[] 
 []


Overfull \hbox (30.42023pt too wide) in paragraph at lines 847--847
[]\T1/lmtt/m/n/12 ## 80   FALSE    FALSE    FALSE   FALSE   FALSE    FALSE FALSE FALSE  FALSE FALSE[] 
 []


Overfull \hbox (30.42023pt too wide) in paragraph at lines 847--847
[]\T1/lmtt/m/n/12 ## 81   FALSE    FALSE    FALSE   FALSE   FALSE    FALSE FALSE FALSE  FALSE FALSE[] 
 []


Overfull \hbox (30.42023pt too wide) in paragraph at lines 847--847
[]\T1/lmtt/m/n/12 ## 82   FALSE    FALSE    FALSE   FALSE   FALSE    FALSE FALSE FALSE  FALSE FALSE[] 
 []


Overfull \hbox (30.42023pt too wide) in paragraph at lines 847--847
[]\T1/lmtt/m/n/12 ## 83   FALSE    FALSE    FALSE   FALSE   FALSE    FALSE FALSE FALSE  FALSE FALSE[] 
 []


Overfull \hbox (30.42023pt too wide) in paragraph at lines 847--847
[]\T1/lmtt/m/n/12 ## 84   FALSE    FALSE    FALSE   FALSE   FALSE    FALSE FALSE FALSE  FALSE FALSE[] 
 []


Overfull \hbox (30.42023pt too wide) in paragraph at lines 847--847
[]\T1/lmtt/m/n/12 ## 85   FALSE    FALSE    FALSE   FALSE   FALSE    FALSE FALSE FALSE  FALSE FALSE[] 
 []


Overfull \hbox (30.41322pt too wide) in paragraph at lines 847--847
[]\T1/lmtt/m/n/12 ## 86   FALSE    FALSE    FALSE   FALSE   FALSE    FALSE FALSE FALSE  FALSE FALSE[] 
 []


Overfull \hbox (30.42023pt too wide) in paragraph at lines 847--847
[]\T1/lmtt/m/n/12 ## 87   FALSE    FALSE    FALSE   FALSE   FALSE    FALSE FALSE FALSE  FALSE FALSE[] 
 []


Overfull \hbox (30.42023pt too wide) in paragraph at lines 847--847
[]\T1/lmtt/m/n/12 ## 88   FALSE    FALSE    FALSE   FALSE   FALSE    FALSE FALSE FALSE  FALSE FALSE[] 
 []


Overfull \hbox (30.41322pt too wide) in paragraph at lines 847--847
[]\T1/lmtt/m/n/12 ## 89   FALSE    FALSE    FALSE   FALSE   FALSE    FALSE FALSE FALSE  FALSE FALSE[] 
 []


Overfull \hbox (30.41322pt too wide) in paragraph at lines 847--847
[]\T1/lmtt/m/n/12 ## 90   FALSE    FALSE    FALSE   FALSE   FALSE    FALSE FALSE FALSE  FALSE FALSE[] 
 []


Overfull \hbox (30.41322pt too wide) in paragraph at lines 847--847
[]\T1/lmtt/m/n/12 ## 91   FALSE    FALSE    FALSE   FALSE   FALSE    FALSE FALSE FALSE  FALSE FALSE[] 
 []


Overfull \hbox (30.41322pt too wide) in paragraph at lines 847--847
[]\T1/lmtt/m/n/12 ## 92   FALSE    FALSE    FALSE   FALSE   FALSE    FALSE  TRUE FALSE  FALSE FALSE[] 
 []


Overfull \hbox (30.41322pt too wide) in paragraph at lines 847--847
[]\T1/lmtt/m/n/12 ## 93   FALSE    FALSE    FALSE   FALSE   FALSE    FALSE FALSE FALSE  FALSE FALSE[] 
 []


Overfull \hbox (30.41322pt too wide) in paragraph at lines 847--847
[]\T1/lmtt/m/n/12 ## 94   FALSE    FALSE    FALSE   FALSE   FALSE    FALSE FALSE FALSE  FALSE FALSE[] 
 []


Overfull \hbox (30.41322pt too wide) in paragraph at lines 847--847
[]\T1/lmtt/m/n/12 ## 95   FALSE    FALSE    FALSE   FALSE   FALSE    FALSE FALSE FALSE  FALSE FALSE[] 
 []


Overfull \hbox (30.40622pt too wide) in paragraph at lines 847--847
[]\T1/lmtt/m/n/12 ## 96   FALSE    FALSE    FALSE   FALSE   FALSE    FALSE FALSE FALSE  FALSE FALSE[] 
 []


Overfull \hbox (30.41322pt too wide) in paragraph at lines 847--847
[]\T1/lmtt/m/n/12 ## 97   FALSE    FALSE    FALSE   FALSE   FALSE    FALSE FALSE FALSE  FALSE FALSE[] 
 []


Overfull \hbox (30.41322pt too wide) in paragraph at lines 847--847
[]\T1/lmtt/m/n/12 ## 98   FALSE    FALSE    FALSE   FALSE   FALSE    FALSE FALSE FALSE  FALSE FALSE[] 
 []


Overfull \hbox (30.40622pt too wide) in paragraph at lines 847--847
[]\T1/lmtt/m/n/12 ## 99   FALSE    FALSE    FALSE   FALSE   FALSE    FALSE FALSE FALSE  FALSE FALSE[] 
 []


Overfull \hbox (30.42023pt too wide) in paragraph at lines 847--847
[]\T1/lmtt/m/n/12 ## 100  FALSE    FALSE    FALSE   FALSE   FALSE    FALSE FALSE FALSE  FALSE FALSE[] 
 []

[14]
Overfull \hbox (36.59523pt too wide) in paragraph at lines 896--896
[]\T1/lmtt/m/n/12 ##                                            Df  Sum Sq Mean Sq F value    Pr(>F)[] 
 []


Overfull \hbox (36.57422pt too wide) in paragraph at lines 896--896
[]\T1/lmtt/m/n/12 ## FO(GRE.Score, TOEFL.Score, SOP, LOR, CGPA)  5 2.31585 0.46317  74.498 < 2.2e-16[] 
 []


Overfull \hbox (5.72021pt too wide) in paragraph at lines 921--921
[]\T1/lmtt/m/n/12 ## lm(formula = Chance.of.Admit ~ ., data = AdmissionPredict_sin_influencias)[] 
 []

[15]
<MRLM_files/figure-latex/unnamed-chunk-18-1.pdf, id=352, 469.755pt x 325.215pt>
File: MRLM_files/figure-latex/unnamed-chunk-18-1.pdf Graphic file (type pdf)
<use MRLM_files/figure-latex/unnamed-chunk-18-1.pdf>
Package pdftex.def Info: MRLM_files/figure-latex/unnamed-chunk-18-1.pdf  used on input line 923.
(pdftex.def)             Requested size: 469.75386pt x 325.2142pt.
<MRLM_files/figure-latex/unnamed-chunk-18-2.pdf, id=353, 469.755pt x 325.215pt>
File: MRLM_files/figure-latex/unnamed-chunk-18-2.pdf Graphic file (type pdf)
<use MRLM_files/figure-latex/unnamed-chunk-18-2.pdf>
Package pdftex.def Info: MRLM_files/figure-latex/unnamed-chunk-18-2.pdf  used on input line 924.
(pdftex.def)             Requested size: 469.75386pt x 325.2142pt.

Overfull \hbox (35.56477pt too wide) in paragraph at lines 923--925
[][]
 []

[16 <./MRLM_files/figure-latex/unnamed-chunk-18-1.pdf>]
<MRLM_files/figure-latex/unnamed-chunk-19-1.pdf, id=364, 469.755pt x 325.215pt>
File: MRLM_files/figure-latex/unnamed-chunk-19-1.pdf Graphic file (type pdf)
<use MRLM_files/figure-latex/unnamed-chunk-19-1.pdf>
Package pdftex.def Info: MRLM_files/figure-latex/unnamed-chunk-19-1.pdf  used on input line 933.
(pdftex.def)             Requested size: 469.75386pt x 325.2142pt.

Overfull \hbox (35.56477pt too wide) in paragraph at lines 933--934
[][] 
 []

[17 <./MRLM_files/figure-latex/unnamed-chunk-18-2.pdf>]
Overfull \hbox (103.83058pt too wide) in paragraph at lines 935--952
[][] 
 []

[18 <./MRLM_files/figure-latex/unnamed-chunk-19-1.pdf>]
<MRLM_files/figure-latex/unnamed-chunk-24-1.pdf, id=385, 469.755pt x 325.215pt>
File: MRLM_files/figure-latex/unnamed-chunk-24-1.pdf Graphic file (type pdf)
<use MRLM_files/figure-latex/unnamed-chunk-24-1.pdf>
Package pdftex.def Info: MRLM_files/figure-latex/unnamed-chunk-24-1.pdf  used on input line 1012.
(pdftex.def)             Requested size: 469.75386pt x 325.2142pt.
<MRLM_files/figure-latex/unnamed-chunk-24-2.pdf, id=386, 469.755pt x 325.215pt>
File: MRLM_files/figure-latex/unnamed-chunk-24-2.pdf Graphic file (type pdf)
<use MRLM_files/figure-latex/unnamed-chunk-24-2.pdf>
Package pdftex.def Info: MRLM_files/figure-latex/unnamed-chunk-24-2.pdf  used on input line 1013.
(pdftex.def)             Requested size: 469.75386pt x 325.2142pt.

Overfull \hbox (35.56477pt too wide) in paragraph at lines 1012--1014
[][]
 []

[19] [20 <./MRLM_files/figure-latex/unnamed-chunk-24-1.pdf>]

Package hyperref Warning: Token not allowed in a PDF string (Unicode):
(hyperref)                removing `math shift' on input line 1036.


Package hyperref Warning: Token not allowed in a PDF string (Unicode):
(hyperref)                removing `superscript' on input line 1036.


Package hyperref Warning: Token not allowed in a PDF string (Unicode):
(hyperref)                removing `subscript' on input line 1036.


Package hyperref Warning: Token not allowed in a PDF string (Unicode):
(hyperref)                removing `math shift' on input line 1036.

[21pdfTeX warning (ext4): destination with the same identifier (name{table.6}) has been already used, duplicate ignored
<argument> ...shipout:D \box_use:N \l_shipout_box 
                                                  \__shipout_drop_firstpage_...
l.1072 \end{verbatim}
                      <./MRLM_files/figure-latex/unnamed-chunk-24-2.pdf>]
Overfull \hbox (98.34526pt too wide) in paragraph at lines 1072--1072
[]\T1/lmtt/m/n/12 ## lm(formula = Chance.of.Admit ~ GRE.Score + CGPA, data = AdmissionPredict_sin_influencias)[] 
 []


Package hyperref Warning: Token not allowed in a PDF string (Unicode):
(hyperref)                removing `math shift' on input line 1089.


Package hyperref Warning: Token not allowed in a PDF string (Unicode):
(hyperref)                removing `subscript' on input line 1089.


Package hyperref Warning: Token not allowed in a PDF string (Unicode):
(hyperref)                removing `math shift' on input line 1089.


Overfull \hbox (12.80124pt too wide) in alignment at lines 1091--1095
 [] [] [] 
 []


Overfull \hbox (12.80124pt too wide) in alignment at lines 1095--1102
 [] [] [] 
 []

[22]
Overfull \hbox (21.82047pt too wide) in paragraph at lines 1158--1167
[][] 
 []

[23pdfTeX warning (ext4): destination with the same identifier (name{table.8}) has been already used, duplicate ignored
<argument> ...shipout:D \box_use:N \l_shipout_box 
                                                  \__shipout_drop_firstpage_...
l.1467 \end{verbatim}
                     ]
Overfull \hbox (92.17026pt too wide) in paragraph at lines 1467--1467
[]\T1/lmtt/m/n/12 ## ----------------------------------------------------------------------------------------[] 
 []


Overfull \hbox (85.99525pt too wide) in paragraph at lines 1467--1467
[]\T1/lmtt/m/n/12 ##       model      Beta    Std. Error    Std. Beta      t        Sig      lower     upper[] 
 []


Overfull \hbox (92.17026pt too wide) in paragraph at lines 1467--1467
[]\T1/lmtt/m/n/12 ## ----------------------------------------------------------------------------------------[] 
 []


Overfull \hbox (85.96024pt too wide) in paragraph at lines 1467--1467
[]\T1/lmtt/m/n/12 ## (Intercept)    -1.095         0.119                 -9.198    0.000    -1.331    -0.859[] 
 []


Overfull \hbox (85.98125pt too wide) in paragraph at lines 1467--1467
[]\T1/lmtt/m/n/12 ##        CGPA     0.209         0.014        0.839    15.035    0.000     0.181     0.237[] 
 []


Overfull \hbox (92.17026pt too wide) in paragraph at lines 1467--1467
[]\T1/lmtt/m/n/12 ## ----------------------------------------------------------------------------------------[] 
 []

[24]
Overfull \hbox (92.17026pt too wide) in paragraph at lines 1467--1467
[]\T1/lmtt/m/n/12 ## ----------------------------------------------------------------------------------------[] 
 []


Overfull \hbox (85.99525pt too wide) in paragraph at lines 1467--1467
[]\T1/lmtt/m/n/12 ##       model      Beta    Std. Error    Std. Beta      t        Sig      lower     upper[] 
 []


Overfull \hbox (92.17026pt too wide) in paragraph at lines 1467--1467
[]\T1/lmtt/m/n/12 ## ----------------------------------------------------------------------------------------[] 
 []


Overfull \hbox (85.95323pt too wide) in paragraph at lines 1467--1467
[]\T1/lmtt/m/n/12 ## (Intercept)    -2.290         0.265                 -8.646    0.000    -2.816    -1.764[] 
 []


Overfull \hbox (85.96024pt too wide) in paragraph at lines 1467--1467
[]\T1/lmtt/m/n/12 ##        CGPA     0.128         0.021        0.512     6.165    0.000     0.086     0.169[] 
 []


Overfull \hbox (85.98125pt too wide) in paragraph at lines 1467--1467
[]\T1/lmtt/m/n/12 ##   GRE.Score     0.006         0.001        0.410     4.930    0.000     0.004     0.008[] 
 []


Overfull \hbox (92.17026pt too wide) in paragraph at lines 1467--1467
[]\T1/lmtt/m/n/12 ## ----------------------------------------------------------------------------------------[] 
 []

[25]
Overfull \hbox (92.17026pt too wide) in paragraph at lines 1467--1467
[]\T1/lmtt/m/n/12 ## ----------------------------------------------------------------------------------------[] 
 []


Overfull \hbox (85.99525pt too wide) in paragraph at lines 1467--1467
[]\T1/lmtt/m/n/12 ##       model      Beta    Std. Error    Std. Beta      t        Sig      lower     upper[] 
 []


Overfull \hbox (92.17026pt too wide) in paragraph at lines 1467--1467
[]\T1/lmtt/m/n/12 ## ----------------------------------------------------------------------------------------[] 
 []


Overfull \hbox (85.95323pt too wide) in paragraph at lines 1467--1467
[]\T1/lmtt/m/n/12 ## (Intercept)    -2.290         0.265                 -8.646    0.000    -2.816    -1.764[] 
 []


Overfull \hbox (85.96024pt too wide) in paragraph at lines 1467--1467
[]\T1/lmtt/m/n/12 ##        CGPA     0.128         0.021        0.512     6.165    0.000     0.086     0.169[] 
 []


Overfull \hbox (85.98125pt too wide) in paragraph at lines 1467--1467
[]\T1/lmtt/m/n/12 ##   GRE.Score     0.006         0.001        0.410     4.930    0.000     0.004     0.008[] 
 []


Overfull \hbox (92.17026pt too wide) in paragraph at lines 1467--1467
[]\T1/lmtt/m/n/12 ## ----------------------------------------------------------------------------------------[] 
 []

[26]
Overfull \hbox (92.17026pt too wide) in paragraph at lines 1467--1467
[]\T1/lmtt/m/n/12 ## ----------------------------------------------------------------------------------------[] 
 []


Overfull \hbox (85.99525pt too wide) in paragraph at lines 1467--1467
[]\T1/lmtt/m/n/12 ##       model      Beta    Std. Error    Std. Beta      t        Sig      lower     upper[] 
 []


Overfull \hbox (92.17026pt too wide) in paragraph at lines 1467--1467
[]\T1/lmtt/m/n/12 ## ----------------------------------------------------------------------------------------[] 
 []


Overfull \hbox (85.96724pt too wide) in paragraph at lines 1467--1467
[]\T1/lmtt/m/n/12 ## (Intercept)    -1.931         0.271                 -7.140    0.000    -2.469    -1.394[] 
 []


Overfull \hbox (85.96724pt too wide) in paragraph at lines 1467--1467
[]\T1/lmtt/m/n/12 ##        CGPA     0.089         0.022        0.359     3.993    0.000     0.045     0.134[] 
 []


Overfull \hbox (85.98125pt too wide) in paragraph at lines 1467--1467
[]\T1/lmtt/m/n/12 ##   GRE.Score     0.005         0.001        0.368     4.638    0.000     0.003     0.008[] 
 []


Overfull \hbox (85.98125pt too wide) in paragraph at lines 1467--1467
[]\T1/lmtt/m/n/12 ##         LOR     0.046         0.013        0.250     3.498    0.001     0.020     0.072[] 
 []


Overfull \hbox (92.17026pt too wide) in paragraph at lines 1467--1467
[]\T1/lmtt/m/n/12 ## ----------------------------------------------------------------------------------------[] 
 []


Overfull \hbox (92.17026pt too wide) in paragraph at lines 1467--1467
[]\T1/lmtt/m/n/12 ## ----------------------------------------------------------------------------------------[] 
 []


Overfull \hbox (85.99525pt too wide) in paragraph at lines 1467--1467
[]\T1/lmtt/m/n/12 ##       model      Beta    Std. Error    Std. Beta      t        Sig      lower     upper[] 
 []


Overfull \hbox (92.17026pt too wide) in paragraph at lines 1467--1467
[]\T1/lmtt/m/n/12 ## ----------------------------------------------------------------------------------------[] 
 []


Overfull \hbox (85.96724pt too wide) in paragraph at lines 1467--1467
[]\T1/lmtt/m/n/12 ## (Intercept)    -1.931         0.271                 -7.140    0.000    -2.469    -1.394[] 
 []


Overfull \hbox (85.96724pt too wide) in paragraph at lines 1467--1467
[]\T1/lmtt/m/n/12 ##        CGPA     0.089         0.022        0.359     3.993    0.000     0.045     0.134[] 
 []


Overfull \hbox (85.98125pt too wide) in paragraph at lines 1467--1467
[]\T1/lmtt/m/n/12 ##   GRE.Score     0.005         0.001        0.368     4.638    0.000     0.003     0.008[] 
 []

[27]
Overfull \hbox (85.98125pt too wide) in paragraph at lines 1467--1467
[]\T1/lmtt/m/n/12 ##         LOR     0.046         0.013        0.250     3.498    0.001     0.020     0.072[] 
 []


Overfull \hbox (92.17026pt too wide) in paragraph at lines 1467--1467
[]\T1/lmtt/m/n/12 ## ----------------------------------------------------------------------------------------[] 
 []


Overfull \hbox (92.17026pt too wide) in paragraph at lines 1467--1467
[]\T1/lmtt/m/n/12 ## ----------------------------------------------------------------------------------------[] 
 []


Overfull \hbox (85.99525pt too wide) in paragraph at lines 1467--1467
[]\T1/lmtt/m/n/12 ##       model      Beta    Std. Error    Std. Beta      t        Sig      lower     upper[] 
 []


Overfull \hbox (92.17026pt too wide) in paragraph at lines 1467--1467
[]\T1/lmtt/m/n/12 ## ----------------------------------------------------------------------------------------[] 
 []


Overfull \hbox (85.94623pt too wide) in paragraph at lines 1467--1467
[]\T1/lmtt/m/n/12 ## (Intercept)    -1.861         0.266                 -6.992    0.000    -2.389    -1.332[] 
 []


Overfull \hbox (85.98125pt too wide) in paragraph at lines 1467--1467
[]\T1/lmtt/m/n/12 ##        CGPA     0.068         0.024        0.275     2.891    0.005     0.021     0.115[] 
 []


Overfull \hbox (85.99525pt too wide) in paragraph at lines 1467--1467
[]\T1/lmtt/m/n/12 ##   GRE.Score     0.005         0.001        0.375     4.832    0.000     0.003     0.008[] 
 []


Overfull \hbox (85.97424pt too wide) in paragraph at lines 1467--1467
[]\T1/lmtt/m/n/12 ##         LOR     0.040         0.013        0.219     3.073    0.003     0.014     0.066[] 
 []


Overfull \hbox (85.98125pt too wide) in paragraph at lines 1467--1467
[]\T1/lmtt/m/n/12 ##         SOP     0.027         0.012        0.149     2.316    0.023     0.004     0.050[] 
 []


Overfull \hbox (92.17026pt too wide) in paragraph at lines 1467--1467
[]\T1/lmtt/m/n/12 ## ----------------------------------------------------------------------------------------[] 
 []

[28]
Overfull \hbox (92.17026pt too wide) in paragraph at lines 1467--1467
[]\T1/lmtt/m/n/12 ## ----------------------------------------------------------------------------------------[] 
 []


Overfull \hbox (85.99525pt too wide) in paragraph at lines 1467--1467
[]\T1/lmtt/m/n/12 ##       model      Beta    Std. Error    Std. Beta      t        Sig      lower     upper[] 
 []


Overfull \hbox (92.17026pt too wide) in paragraph at lines 1467--1467
[]\T1/lmtt/m/n/12 ## ----------------------------------------------------------------------------------------[] 
 []


Overfull \hbox (85.94623pt too wide) in paragraph at lines 1467--1467
[]\T1/lmtt/m/n/12 ## (Intercept)    -1.861         0.266                 -6.992    0.000    -2.389    -1.332[] 
 []


Overfull \hbox (85.98125pt too wide) in paragraph at lines 1467--1467
[]\T1/lmtt/m/n/12 ##        CGPA     0.068         0.024        0.275     2.891    0.005     0.021     0.115[] 
 []


Overfull \hbox (85.99525pt too wide) in paragraph at lines 1467--1467
[]\T1/lmtt/m/n/12 ##   GRE.Score     0.005         0.001        0.375     4.832    0.000     0.003     0.008[] 
 []


Overfull \hbox (85.97424pt too wide) in paragraph at lines 1467--1467
[]\T1/lmtt/m/n/12 ##         LOR     0.040         0.013        0.219     3.073    0.003     0.014     0.066[] 
 []


Overfull \hbox (85.98125pt too wide) in paragraph at lines 1467--1467
[]\T1/lmtt/m/n/12 ##         SOP     0.027         0.012        0.149     2.316    0.023     0.004     0.050[] 
 []


Overfull \hbox (92.17026pt too wide) in paragraph at lines 1467--1467
[]\T1/lmtt/m/n/12 ## ----------------------------------------------------------------------------------------[] 
 []

[29]
Overfull \hbox (92.17026pt too wide) in paragraph at lines 1467--1467
[]\T1/lmtt/m/n/12 ## ----------------------------------------------------------------------------------------[] 
 []


Overfull \hbox (85.99525pt too wide) in paragraph at lines 1467--1467
[]\T1/lmtt/m/n/12 ##       model      Beta    Std. Error    Std. Beta      t        Sig      lower     upper[] 
 []


Overfull \hbox (92.17026pt too wide) in paragraph at lines 1467--1467
[]\T1/lmtt/m/n/12 ## ----------------------------------------------------------------------------------------[] 
 []


Overfull \hbox (85.94623pt too wide) in paragraph at lines 1467--1467
[]\T1/lmtt/m/n/12 ## (Intercept)    -1.861         0.266                 -6.992    0.000    -2.389    -1.332[] 
 []


Overfull \hbox (85.98125pt too wide) in paragraph at lines 1467--1467
[]\T1/lmtt/m/n/12 ##        CGPA     0.068         0.024        0.275     2.891    0.005     0.021     0.115[] 
 []


Overfull \hbox (85.99525pt too wide) in paragraph at lines 1467--1467
[]\T1/lmtt/m/n/12 ##   GRE.Score     0.005         0.001        0.375     4.832    0.000     0.003     0.008[] 
 []


Overfull \hbox (85.97424pt too wide) in paragraph at lines 1467--1467
[]\T1/lmtt/m/n/12 ##         LOR     0.040         0.013        0.219     3.073    0.003     0.014     0.066[] 
 []


Overfull \hbox (85.98125pt too wide) in paragraph at lines 1467--1467
[]\T1/lmtt/m/n/12 ##         SOP     0.027         0.012        0.149     2.316    0.023     0.004     0.050[] 
 []


Overfull \hbox (92.17026pt too wide) in paragraph at lines 1467--1467
[]\T1/lmtt/m/n/12 ## ----------------------------------------------------------------------------------------[] 
 []


Overfull \hbox (85.99525pt too wide) in paragraph at lines 1481--1481
[]\T1/lmtt/m/n/12 ## ---------------------------------------------------------------------------------------[] 
 []


Overfull \hbox (79.82025pt too wide) in paragraph at lines 1481--1481
[]\T1/lmtt/m/n/12 ## Step    Variable     Removed     R-Square    R-Square     C(p)         AIC        RMSE[] 
 []


Overfull \hbox (85.99525pt too wide) in paragraph at lines 1481--1481
[]\T1/lmtt/m/n/12 ## ---------------------------------------------------------------------------------------[] 
 []


Overfull \hbox (85.97424pt too wide) in paragraph at lines 1481--1481
[]\T1/lmtt/m/n/12 ##    1      CGPA       addition       0.704       0.701    44.1520    -177.9290    0.0947[] 
 []


Overfull \hbox (85.95323pt too wide) in paragraph at lines 1481--1481
[]\T1/lmtt/m/n/12 ##    2    GRE.Score    addition       0.765       0.760    17.9770    -198.2339    0.0849[] 
 []


Overfull \hbox (85.96724pt too wide) in paragraph at lines 1481--1481
[]\T1/lmtt/m/n/12 ##    3       LOR       addition       0.792       0.786     7.3090    -208.2209    0.0802[] 
 []


Overfull \hbox (85.97424pt too wide) in paragraph at lines 1481--1481
[]\T1/lmtt/m/n/12 ##    4       SOP       addition       0.804       0.795     4.0020    -211.7196    0.0784[] 
 []


Overfull \hbox (85.99525pt too wide) in paragraph at lines 1481--1481
[]\T1/lmtt/m/n/12 ## ---------------------------------------------------------------------------------------[] 
 []

[30]
Overfull \hbox (92.17026pt too wide) in paragraph at lines 1690--1690
[]\T1/lmtt/m/n/12 ## ----------------------------------------------------------------------------------------[] 
 []


Overfull \hbox (85.99525pt too wide) in paragraph at lines 1690--1690
[]\T1/lmtt/m/n/12 ##       model      Beta    Std. Error    Std. Beta      t        Sig      lower     upper[] 
 []


Overfull \hbox (92.17026pt too wide) in paragraph at lines 1690--1690
[]\T1/lmtt/m/n/12 ## ----------------------------------------------------------------------------------------[] 
 []


Overfull \hbox (85.96024pt too wide) in paragraph at lines 1690--1690
[]\T1/lmtt/m/n/12 ## (Intercept)    -1.095         0.119                 -9.198    0.000    -1.331    -0.859[] 
 []


Overfull \hbox (85.98125pt too wide) in paragraph at lines 1690--1690
[]\T1/lmtt/m/n/12 ##        CGPA     0.209         0.014        0.839    15.035    0.000     0.181     0.237[] 
 []


Overfull \hbox (92.17026pt too wide) in paragraph at lines 1690--1690
[]\T1/lmtt/m/n/12 ## ----------------------------------------------------------------------------------------[] 
 []

[31]
Overfull \hbox (92.17026pt too wide) in paragraph at lines 1690--1690
[]\T1/lmtt/m/n/12 ## ----------------------------------------------------------------------------------------[] 
 []


Overfull \hbox (85.99525pt too wide) in paragraph at lines 1690--1690
[]\T1/lmtt/m/n/12 ##       model      Beta    Std. Error    Std. Beta      t        Sig      lower     upper[] 
 []


Overfull \hbox (92.17026pt too wide) in paragraph at lines 1690--1690
[]\T1/lmtt/m/n/12 ## ----------------------------------------------------------------------------------------[] 
 []


Overfull \hbox (85.95323pt too wide) in paragraph at lines 1690--1690
[]\T1/lmtt/m/n/12 ## (Intercept)    -2.290         0.265                 -8.646    0.000    -2.816    -1.764[] 
 []


Overfull \hbox (85.96024pt too wide) in paragraph at lines 1690--1690
[]\T1/lmtt/m/n/12 ##        CGPA     0.128         0.021        0.512     6.165    0.000     0.086     0.169[] 
 []


Overfull \hbox (85.98125pt too wide) in paragraph at lines 1690--1690
[]\T1/lmtt/m/n/12 ##   GRE.Score     0.006         0.001        0.410     4.930    0.000     0.004     0.008[] 
 []


Overfull \hbox (92.17026pt too wide) in paragraph at lines 1690--1690
[]\T1/lmtt/m/n/12 ## ----------------------------------------------------------------------------------------[] 
 []

[32]
Overfull \hbox (92.17026pt too wide) in paragraph at lines 1690--1690
[]\T1/lmtt/m/n/12 ## ----------------------------------------------------------------------------------------[] 
 []


Overfull \hbox (85.99525pt too wide) in paragraph at lines 1690--1690
[]\T1/lmtt/m/n/12 ##       model      Beta    Std. Error    Std. Beta      t        Sig      lower     upper[] 
 []


Overfull \hbox (92.17026pt too wide) in paragraph at lines 1690--1690
[]\T1/lmtt/m/n/12 ## ----------------------------------------------------------------------------------------[] 
 []


Overfull \hbox (85.96724pt too wide) in paragraph at lines 1690--1690
[]\T1/lmtt/m/n/12 ## (Intercept)    -1.931         0.271                 -7.140    0.000    -2.469    -1.394[] 
 []


Overfull \hbox (85.96724pt too wide) in paragraph at lines 1690--1690
[]\T1/lmtt/m/n/12 ##        CGPA     0.089         0.022        0.359     3.993    0.000     0.045     0.134[] 
 []


Overfull \hbox (85.98125pt too wide) in paragraph at lines 1690--1690
[]\T1/lmtt/m/n/12 ##   GRE.Score     0.005         0.001        0.368     4.638    0.000     0.003     0.008[] 
 []


Overfull \hbox (85.98125pt too wide) in paragraph at lines 1690--1690
[]\T1/lmtt/m/n/12 ##         LOR     0.046         0.013        0.250     3.498    0.001     0.020     0.072[] 
 []


Overfull \hbox (92.17026pt too wide) in paragraph at lines 1690--1690
[]\T1/lmtt/m/n/12 ## ----------------------------------------------------------------------------------------[] 
 []

[33]
Overfull \hbox (92.17026pt too wide) in paragraph at lines 1690--1690
[]\T1/lmtt/m/n/12 ## ----------------------------------------------------------------------------------------[] 
 []


Overfull \hbox (85.99525pt too wide) in paragraph at lines 1690--1690
[]\T1/lmtt/m/n/12 ##       model      Beta    Std. Error    Std. Beta      t        Sig      lower     upper[] 
 []


Overfull \hbox (92.17026pt too wide) in paragraph at lines 1690--1690
[]\T1/lmtt/m/n/12 ## ----------------------------------------------------------------------------------------[] 
 []


Overfull \hbox (85.94623pt too wide) in paragraph at lines 1690--1690
[]\T1/lmtt/m/n/12 ## (Intercept)    -1.861         0.266                 -6.992    0.000    -2.389    -1.332[] 
 []


Overfull \hbox (85.98125pt too wide) in paragraph at lines 1690--1690
[]\T1/lmtt/m/n/12 ##        CGPA     0.068         0.024        0.275     2.891    0.005     0.021     0.115[] 
 []


Overfull \hbox (85.99525pt too wide) in paragraph at lines 1690--1690
[]\T1/lmtt/m/n/12 ##   GRE.Score     0.005         0.001        0.375     4.832    0.000     0.003     0.008[] 
 []


Overfull \hbox (85.97424pt too wide) in paragraph at lines 1690--1690
[]\T1/lmtt/m/n/12 ##         LOR     0.040         0.013        0.219     3.073    0.003     0.014     0.066[] 
 []


Overfull \hbox (85.98125pt too wide) in paragraph at lines 1690--1690
[]\T1/lmtt/m/n/12 ##         SOP     0.027         0.012        0.149     2.316    0.023     0.004     0.050[] 
 []


Overfull \hbox (92.17026pt too wide) in paragraph at lines 1690--1690
[]\T1/lmtt/m/n/12 ## ----------------------------------------------------------------------------------------[] 
 []

[34]
Overfull \hbox (92.17026pt too wide) in paragraph at lines 1690--1690
[]\T1/lmtt/m/n/12 ## ----------------------------------------------------------------------------------------[] 
 []


Overfull \hbox (85.99525pt too wide) in paragraph at lines 1690--1690
[]\T1/lmtt/m/n/12 ##       model      Beta    Std. Error    Std. Beta      t        Sig      lower     upper[] 
 []


Overfull \hbox (92.17026pt too wide) in paragraph at lines 1690--1690
[]\T1/lmtt/m/n/12 ## ----------------------------------------------------------------------------------------[] 
 []


Overfull \hbox (85.94623pt too wide) in paragraph at lines 1690--1690
[]\T1/lmtt/m/n/12 ## (Intercept)    -1.861         0.266                 -6.992    0.000    -2.389    -1.332[] 
 []


Overfull \hbox (85.98125pt too wide) in paragraph at lines 1690--1690
[]\T1/lmtt/m/n/12 ##        CGPA     0.068         0.024        0.275     2.891    0.005     0.021     0.115[] 
 []


Overfull \hbox (85.99525pt too wide) in paragraph at lines 1690--1690
[]\T1/lmtt/m/n/12 ##   GRE.Score     0.005         0.001        0.375     4.832    0.000     0.003     0.008[] 
 []


Overfull \hbox (85.97424pt too wide) in paragraph at lines 1690--1690
[]\T1/lmtt/m/n/12 ##         LOR     0.040         0.013        0.219     3.073    0.003     0.014     0.066[] 
 []


Overfull \hbox (85.98125pt too wide) in paragraph at lines 1690--1690
[]\T1/lmtt/m/n/12 ##         SOP     0.027         0.012        0.149     2.316    0.023     0.004     0.050[] 
 []


Overfull \hbox (92.17026pt too wide) in paragraph at lines 1690--1690
[]\T1/lmtt/m/n/12 ## ----------------------------------------------------------------------------------------[] 
 []


Overfull \hbox (11.89522pt too wide) in paragraph at lines 1704--1704
[]\T1/lmtt/m/n/12 ## ---------------------------------------------------------------------------[] 
 []


Overfull \hbox (5.72021pt too wide) in paragraph at lines 1704--1704
[]\T1/lmtt/m/n/12 ## Step     Entered     R-Square    R-Square     C(p)         AIC        RMSE[] 
 []


Overfull \hbox (11.89522pt too wide) in paragraph at lines 1704--1704
[]\T1/lmtt/m/n/12 ## ---------------------------------------------------------------------------[] 
 []


Overfull \hbox (11.8742pt too wide) in paragraph at lines 1704--1704
[]\T1/lmtt/m/n/12 ##    1    CGPA           0.7041      0.7010    44.1518    -177.9290    0.0947[] 
 []


Overfull \hbox (11.83919pt too wide) in paragraph at lines 1704--1704
[]\T1/lmtt/m/n/12 ##    2    GRE.Score      0.7649      0.7599    17.9775    -198.2339    0.0849[] 
 []


Overfull \hbox (11.8742pt too wide) in paragraph at lines 1704--1704
[]\T1/lmtt/m/n/12 ##    3    LOR            0.7922      0.7855     7.3092    -208.2209    0.0802[] 
 []


Overfull \hbox (11.8742pt too wide) in paragraph at lines 1704--1704
[]\T1/lmtt/m/n/12 ##    4    SOP            0.8037      0.7951     4.0015    -211.7196    0.0784[] 
 []


Overfull \hbox (11.89522pt too wide) in paragraph at lines 1704--1704
[]\T1/lmtt/m/n/12 ## ---------------------------------------------------------------------------[] 
 []

[35]
Overfull \hbox (92.17026pt too wide) in paragraph at lines 1804--1804
[]\T1/lmtt/m/n/12 ## ----------------------------------------------------------------------------------------[] 
 []


Overfull \hbox (85.99525pt too wide) in paragraph at lines 1804--1804
[]\T1/lmtt/m/n/12 ##       model      Beta    Std. Error    Std. Beta      t        Sig      lower     upper[] 
 []


Overfull \hbox (92.17026pt too wide) in paragraph at lines 1804--1804
[]\T1/lmtt/m/n/12 ## ----------------------------------------------------------------------------------------[] 
 []


Overfull \hbox (85.94623pt too wide) in paragraph at lines 1804--1804
[]\T1/lmtt/m/n/12 ## (Intercept)    -1.861         0.266                 -6.992    0.000    -2.389    -1.332[] 
 []


Overfull \hbox (85.99525pt too wide) in paragraph at lines 1804--1804
[]\T1/lmtt/m/n/12 ##   GRE.Score     0.005         0.001        0.375     4.832    0.000     0.003     0.008[] 
 []


Overfull \hbox (85.98125pt too wide) in paragraph at lines 1804--1804
[]\T1/lmtt/m/n/12 ##         SOP     0.027         0.012        0.149     2.316    0.023     0.004     0.050[] 
 []


Overfull \hbox (85.97424pt too wide) in paragraph at lines 1804--1804
[]\T1/lmtt/m/n/12 ##         LOR     0.040         0.013        0.219     3.073    0.003     0.014     0.066[] 
 []


Overfull \hbox (85.98125pt too wide) in paragraph at lines 1804--1804
[]\T1/lmtt/m/n/12 ##        CGPA     0.068         0.024        0.275     2.891    0.005     0.021     0.115[] 
 []


Overfull \hbox (92.17026pt too wide) in paragraph at lines 1804--1804
[]\T1/lmtt/m/n/12 ## ----------------------------------------------------------------------------------------[] 
 []

[36]
Overfull \hbox (92.17026pt too wide) in paragraph at lines 1804--1804
[]\T1/lmtt/m/n/12 ## ----------------------------------------------------------------------------------------[] 
 []


Overfull \hbox (85.99525pt too wide) in paragraph at lines 1804--1804
[]\T1/lmtt/m/n/12 ##       model      Beta    Std. Error    Std. Beta      t        Sig      lower     upper[] 
 []


Overfull \hbox (92.17026pt too wide) in paragraph at lines 1804--1804
[]\T1/lmtt/m/n/12 ## ----------------------------------------------------------------------------------------[] 
 []


Overfull \hbox (85.94623pt too wide) in paragraph at lines 1804--1804
[]\T1/lmtt/m/n/12 ## (Intercept)    -1.861         0.266                 -6.992    0.000    -2.389    -1.332[] 
 []


Overfull \hbox (85.99525pt too wide) in paragraph at lines 1804--1804
[]\T1/lmtt/m/n/12 ##   GRE.Score     0.005         0.001        0.375     4.832    0.000     0.003     0.008[] 
 []


Overfull \hbox (85.98125pt too wide) in paragraph at lines 1804--1804
[]\T1/lmtt/m/n/12 ##         SOP     0.027         0.012        0.149     2.316    0.023     0.004     0.050[] 
 []


Overfull \hbox (85.97424pt too wide) in paragraph at lines 1804--1804
[]\T1/lmtt/m/n/12 ##         LOR     0.040         0.013        0.219     3.073    0.003     0.014     0.066[] 
 []


Overfull \hbox (85.98125pt too wide) in paragraph at lines 1804--1804
[]\T1/lmtt/m/n/12 ##        CGPA     0.068         0.024        0.275     2.891    0.005     0.021     0.115[] 
 []


Overfull \hbox (92.17026pt too wide) in paragraph at lines 1804--1804
[]\T1/lmtt/m/n/12 ## ----------------------------------------------------------------------------------------[] 
 []


Overfull \hbox (18.07022pt too wide) in paragraph at lines 1816--1816
[]\T1/lmtt/m/n/12 ## ----------------------------------------------------------------------------[] 
 []

[37]
Overfull \hbox (11.89522pt too wide) in paragraph at lines 1816--1816
[]\T1/lmtt/m/n/12 ## Step      Removed      R-Square    R-Square     C(p)        AIC        RMSE[] 
 []


Overfull \hbox (18.07022pt too wide) in paragraph at lines 1816--1816
[]\T1/lmtt/m/n/12 ## ----------------------------------------------------------------------------[] 
 []


Overfull \hbox (18.04921pt too wide) in paragraph at lines 1816--1816
[]\T1/lmtt/m/n/12 ##    1    TOEFL.Score      0.8037      0.7951    4.0015    -211.7196    0.0784[] 
 []


Overfull \hbox (18.07022pt too wide) in paragraph at lines 1816--1816
[]\T1/lmtt/m/n/12 ## ----------------------------------------------------------------------------[] 
 []

[38] (./MRLM.aux
LaTeX Info: Redefining \. on input line 25.
LaTeX Info: Redefining \% on input line 25.
)
Package rerunfilecheck Info: File `MRLM.out' has not changed.
(rerunfilecheck)             Checksum: 75C1AF9D2C351E07C32ED4DCC6E6CA8A;9841.
 ) 
Here is how much of TeX's memory you used:
 14699 strings out of 480313
 229351 string characters out of 5897552
 560680 words of memory out of 5000000
 32190 multiletter control sequences out of 15000+600000
 459477 words of font info for 75 fonts, out of 8000000 for 9000
 14 hyphenation exceptions out of 8191
 60i,16n,63p,825b,637s stack positions out of 5000i,500n,10000p,200000b,80000s
{/home/sr/.TinyTeX/texmf-dist/fonts/enc/dvips/lm/lm-mathit.enc}{/home/sr/.TinyTeX/texmf-dist/fonts/enc/dvips/lm/lm-ec.enc}{/home/sr/.TinyTeX/texmf-dist/fonts/enc/dvips/lm/lm-mathsy.enc}{/home/sr/.TinyTeX/texmf-dist/fonts/enc/dvips/lm/lm-rm.enc}{/home/sr/.TinyTeX/texmf-dist/fonts/enc/dvips/lm/lm-mathex.enc}</home/sr/.TinyTeX/texmf-dist/fonts/type1/public/lm/lmbx12.pfb></home/sr/.TinyTeX/texmf-dist/fonts/type1/public/lm/lmex10.pfb></home/sr/.TinyTeX/texmf-dist/fonts/type1/public/lm/lmmi10.pfb></home/sr/.TinyTeX/texmf-dist/fonts/type1/public/lm/lmmi12.pfb></home/sr/.TinyTeX/texmf-dist/fonts/type1/public/lm/lmmi6.pfb></home/sr/.TinyTeX/texmf-dist/fonts/type1/public/lm/lmmi8.pfb></home/sr/.TinyTeX/texmf-dist/fonts/type1/public/lm/lmr10.pfb></home/sr/.TinyTeX/texmf-dist/fonts/type1/public/lm/lmr12.pfb></home/sr/.TinyTeX/texmf-dist/fonts/type1/public/lm/lmr17.pfb></home/sr/.TinyTeX/texmf-dist/fonts/type1/public/lm/lmr8.pfb></home/sr/.TinyTeX/texmf-dist/fonts/type1/public/lm/lmsy10.pfb></home/sr/.TinyTeX/texmf-dist/fonts/type1/public/lm/lmsy8.pfb></home/sr/.TinyTeX/texmf-dist/fonts/type1/public/lm/lmtt12.pfb>
Output written on MRLM.pdf (41 pages, 546375 bytes).
PDF statistics:
 573 PDF objects out of 1000 (max. 8388607)
 479 compressed objects within 5 object streams
 95 named destinations out of 1000 (max. 500000)
 390 words of extra memory for PDF output out of 10000 (max. 10000000)

